{"/home/emma/Documents/tek4/eip/test_serveur/index.js": {"path":"/home/emma/Documents/tek4/eip/test_serveur/index.js","statementMap":{"0":{"start":{"line":1,"column":16},"end":{"line":1,"column":34}},"1":{"start":{"line":2,"column":13},"end":{"line":2,"column":28}},"2":{"start":{"line":3,"column":15},"end":{"line":3,"column":32}},"3":{"start":{"line":4,"column":19},"end":{"line":4,"column":41}},"4":{"start":{"line":5,"column":14},"end":{"line":5,"column":40}},"5":{"start":{"line":6,"column":16},"end":{"line":6,"column":46}},"6":{"start":{"line":8,"column":18},"end":{"line":8,"column":27}},"7":{"start":{"line":9,"column":0},"end":{"line":9,"column":34}},"8":{"start":{"line":11,"column":12},"end":{"line":11,"column":21}},"9":{"start":{"line":12,"column":0},"end":{"line":12,"column":32}},"10":{"start":{"line":13,"column":0},"end":{"line":13,"column":16}},"11":{"start":{"line":14,"column":0},"end":{"line":14,"column":27}},"12":{"start":{"line":17,"column":2},"end":{"line":23,"column":3}},"13":{"start":{"line":18,"column":4},"end":{"line":18,"column":11}},"14":{"start":{"line":21,"column":20},"end":{"line":21,"column":56}},"15":{"start":{"line":22,"column":4},"end":{"line":22,"column":22}},"16":{"start":{"line":29,"column":2},"end":{"line":29,"column":26}},"17":{"start":{"line":30,"column":2},"end":{"line":32,"column":5}},"18":{"start":{"line":31,"column":4},"end":{"line":31,"column":47}},"19":{"start":{"line":33,"column":2},"end":{"line":33,"column":16}},"20":{"start":{"line":36,"column":2},"end":{"line":36,"column":17}},"21":{"start":{"line":39,"column":0},"end":{"line":39,"column":47}}},"fnMap":{"0":{"name":"initDatabase","decl":{"start":{"line":16,"column":9},"end":{"line":16,"column":21}},"loc":{"start":{"line":16,"column":28},"end":{"line":24,"column":1}},"line":16},"1":{"name":"start","decl":{"start":{"line":28,"column":9},"end":{"line":28,"column":14}},"loc":{"start":{"line":28,"column":21},"end":{"line":34,"column":1}},"line":28},"2":{"name":"(anonymous_2)","decl":{"start":{"line":30,"column":28},"end":{"line":30,"column":29}},"loc":{"start":{"line":30,"column":34},"end":{"line":32,"column":3}},"line":30},"3":{"name":"stop","decl":{"start":{"line":35,"column":9},"end":{"line":35,"column":13}},"loc":{"start":{"line":35,"column":16},"end":{"line":37,"column":1}},"line":35}},"branchMap":{"0":{"loc":{"start":{"line":17,"column":2},"end":{"line":23,"column":3}},"type":"if","locations":[{"start":{"line":17,"column":2},"end":{"line":23,"column":3}},{"start":{"line":20,"column":7},"end":{"line":23,"column":3}}],"line":17}},"s":{"0":3,"1":3,"2":3,"3":3,"4":3,"5":3,"6":3,"7":3,"8":3,"9":3,"10":3,"11":3,"12":0,"13":0,"14":0,"15":0,"16":3,"17":3,"18":2,"19":3,"20":3,"21":3},"f":{"0":0,"1":3,"2":2,"3":3},"b":{"0":[0,0]},"_coverageSchema":"1a1c01bbd47fc00a2c39e90264f33305004495a9","hash":"e03c3903012cbc61ded90eac3851807c3e219793"}
,"/home/emma/Documents/tek4/eip/test_serveur/src/api/index.js": {"path":"/home/emma/Documents/tek4/eip/test_serveur/src/api/index.js","statementMap":{"0":{"start":{"line":1,"column":16},"end":{"line":1,"column":34}},"1":{"start":{"line":2,"column":19},"end":{"line":2,"column":26}},"2":{"start":{"line":3,"column":15},"end":{"line":3,"column":27}},"3":{"start":{"line":4,"column":14},"end":{"line":4,"column":37}},"4":{"start":{"line":5,"column":15},"end":{"line":5,"column":39}},"5":{"start":{"line":6,"column":14},"end":{"line":6,"column":44}},"6":{"start":{"line":7,"column":19},"end":{"line":7,"column":52}},"7":{"start":{"line":9,"column":0},"end":{"line":9,"column":27}},"8":{"start":{"line":10,"column":0},"end":{"line":10,"column":28}},"9":{"start":{"line":12,"column":0},"end":{"line":12,"column":24}}},"fnMap":{},"branchMap":{},"s":{"0":3,"1":3,"2":3,"3":3,"4":3,"5":3,"6":3,"7":3,"8":3,"9":3},"f":{},"b":{},"_coverageSchema":"1a1c01bbd47fc00a2c39e90264f33305004495a9","hash":"3998cb41393407f6f75a38145e654d630dd90d76"}
,"/home/emma/Documents/tek4/eip/test_serveur/src/api/db/token.js": {"path":"/home/emma/Documents/tek4/eip/test_serveur/src/api/db/token.js","statementMap":{},"fnMap":{},"branchMap":{},"s":{},"f":{},"b":{},"_coverageSchema":"1a1c01bbd47fc00a2c39e90264f33305004495a9","hash":"d5b3d592e612b4eab52482df0438821edab05a61"}
,"/home/emma/Documents/tek4/eip/test_serveur/src/api/db/user.js": {"path":"/home/emma/Documents/tek4/eip/test_serveur/src/api/db/user.js","statementMap":{"0":{"start":{"line":1,"column":19},"end":{"line":1,"column":37}},"1":{"start":{"line":2,"column":13},"end":{"line":2,"column":47}},"2":{"start":{"line":3,"column":12},"end":{"line":3,"column":35}},"3":{"start":{"line":4,"column":20},"end":{"line":4,"column":42}},"4":{"start":{"line":5,"column":15},"end":{"line":5,"column":27}},"5":{"start":{"line":7,"column":0},"end":{"line":34,"column":5}},"6":{"start":{"line":8,"column":4},"end":{"line":33,"column":5}},"7":{"start":{"line":9,"column":43},"end":{"line":9,"column":55}},"8":{"start":{"line":10,"column":6},"end":{"line":14,"column":7}},"9":{"start":{"line":11,"column":8},"end":{"line":13,"column":66}},"10":{"start":{"line":15,"column":25},"end":{"line":15,"column":47}},"11":{"start":{"line":16,"column":29},"end":{"line":16,"column":62}},"12":{"start":{"line":17,"column":6},"end":{"line":19,"column":7}},"13":{"start":{"line":18,"column":8},"end":{"line":18,"column":76}},"14":{"start":{"line":20,"column":6},"end":{"line":22,"column":7}},"15":{"start":{"line":21,"column":8},"end":{"line":21,"column":78}},"16":{"start":{"line":23,"column":19},"end":{"line":23,"column":63}},"17":{"start":{"line":24,"column":6},"end":{"line":27,"column":9}},"18":{"start":{"line":29,"column":6},"end":{"line":31,"column":8}},"19":{"start":{"line":32,"column":6},"end":{"line":32,"column":34}},"20":{"start":{"line":36,"column":2},"end":{"line":62,"column":5}},"21":{"start":{"line":37,"column":4},"end":{"line":61,"column":5}},"22":{"start":{"line":38,"column":34},"end":{"line":38,"column":46}},"23":{"start":{"line":39,"column":6},"end":{"line":43,"column":7}},"24":{"start":{"line":40,"column":8},"end":{"line":42,"column":58}},"25":{"start":{"line":44,"column":6},"end":{"line":55,"column":8}},"26":{"start":{"line":45,"column":8},"end":{"line":54,"column":9}},"27":{"start":{"line":46,"column":10},"end":{"line":46,"column":80}},"28":{"start":{"line":47,"column":15},"end":{"line":54,"column":9}},"29":{"start":{"line":48,"column":10},"end":{"line":48,"column":85}},"30":{"start":{"line":50,"column":10},"end":{"line":53,"column":13}},"31":{"start":{"line":57,"column":6},"end":{"line":59,"column":8}},"32":{"start":{"line":60,"column":6},"end":{"line":60,"column":34}},"33":{"start":{"line":64,"column":2},"end":{"line":79,"column":5}},"34":{"start":{"line":65,"column":4},"end":{"line":78,"column":5}},"35":{"start":{"line":66,"column":24},"end":{"line":66,"column":36}},"36":{"start":{"line":67,"column":6},"end":{"line":69,"column":7}},"37":{"start":{"line":68,"column":8},"end":{"line":68,"column":82}},"38":{"start":{"line":70,"column":19},"end":{"line":70,"column":41}},"39":{"start":{"line":71,"column":6},"end":{"line":75,"column":7}},"40":{"start":{"line":72,"column":8},"end":{"line":72,"column":47}},"41":{"start":{"line":74,"column":8},"end":{"line":74,"column":73}},"42":{"start":{"line":77,"column":6},"end":{"line":77,"column":69}},"43":{"start":{"line":81,"column":2},"end":{"line":96,"column":5}},"44":{"start":{"line":82,"column":4},"end":{"line":95,"column":5}},"45":{"start":{"line":83,"column":27},"end":{"line":83,"column":39}},"46":{"start":{"line":84,"column":6},"end":{"line":86,"column":7}},"47":{"start":{"line":85,"column":8},"end":{"line":85,"column":85}},"48":{"start":{"line":87,"column":19},"end":{"line":87,"column":52}},"49":{"start":{"line":88,"column":6},"end":{"line":92,"column":7}},"50":{"start":{"line":89,"column":8},"end":{"line":89,"column":47}},"51":{"start":{"line":91,"column":8},"end":{"line":91,"column":73}},"52":{"start":{"line":94,"column":6},"end":{"line":94,"column":69}},"53":{"start":{"line":98,"column":2},"end":{"line":114,"column":5}},"54":{"start":{"line":99,"column":4},"end":{"line":113,"column":5}},"55":{"start":{"line":100,"column":24},"end":{"line":100,"column":36}},"56":{"start":{"line":101,"column":6},"end":{"line":103,"column":7}},"57":{"start":{"line":102,"column":8},"end":{"line":102,"column":82}},"58":{"start":{"line":104,"column":19},"end":{"line":104,"column":41}},"59":{"start":{"line":105,"column":6},"end":{"line":110,"column":7}},"60":{"start":{"line":106,"column":22},"end":{"line":106,"column":46}},"61":{"start":{"line":107,"column":8},"end":{"line":107,"column":70}},"62":{"start":{"line":109,"column":8},"end":{"line":109,"column":73}},"63":{"start":{"line":112,"column":6},"end":{"line":112,"column":69}},"64":{"start":{"line":116,"column":0},"end":{"line":116,"column":24}}},"fnMap":{"0":{"name":"(anonymous_0)","decl":{"start":{"line":7,"column":25},"end":{"line":7,"column":26}},"loc":{"start":{"line":7,"column":54},"end":{"line":34,"column":3}},"line":7},"1":{"name":"(anonymous_1)","decl":{"start":{"line":36,"column":24},"end":{"line":36,"column":25}},"loc":{"start":{"line":36,"column":53},"end":{"line":62,"column":3}},"line":36},"2":{"name":"(anonymous_2)","decl":{"start":{"line":44,"column":36},"end":{"line":44,"column":37}},"loc":{"start":{"line":44,"column":55},"end":{"line":55,"column":7}},"line":44},"3":{"name":"(anonymous_3)","decl":{"start":{"line":64,"column":28},"end":{"line":64,"column":29}},"loc":{"start":{"line":64,"column":57},"end":{"line":79,"column":3}},"line":64},"4":{"name":"(anonymous_4)","decl":{"start":{"line":81,"column":31},"end":{"line":81,"column":32}},"loc":{"start":{"line":81,"column":60},"end":{"line":96,"column":3}},"line":81},"5":{"name":"(anonymous_5)","decl":{"start":{"line":98,"column":24},"end":{"line":98,"column":25}},"loc":{"start":{"line":98,"column":53},"end":{"line":114,"column":3}},"line":98}},"branchMap":{"0":{"loc":{"start":{"line":10,"column":6},"end":{"line":14,"column":7}},"type":"if","locations":[{"start":{"line":10,"column":6},"end":{"line":14,"column":7}},{"start":{},"end":{}}],"line":10},"1":{"loc":{"start":{"line":10,"column":10},"end":{"line":10,"column":42}},"type":"binary-expr","locations":[{"start":{"line":10,"column":10},"end":{"line":10,"column":16}},{"start":{"line":10,"column":20},"end":{"line":10,"column":29}},{"start":{"line":10,"column":33},"end":{"line":10,"column":42}}],"line":10},"2":{"loc":{"start":{"line":17,"column":6},"end":{"line":19,"column":7}},"type":"if","locations":[{"start":{"line":17,"column":6},"end":{"line":19,"column":7}},{"start":{},"end":{}}],"line":17},"3":{"loc":{"start":{"line":20,"column":6},"end":{"line":22,"column":7}},"type":"if","locations":[{"start":{"line":20,"column":6},"end":{"line":22,"column":7}},{"start":{},"end":{}}],"line":20},"4":{"loc":{"start":{"line":39,"column":6},"end":{"line":43,"column":7}},"type":"if","locations":[{"start":{"line":39,"column":6},"end":{"line":43,"column":7}},{"start":{},"end":{}}],"line":39},"5":{"loc":{"start":{"line":39,"column":10},"end":{"line":39,"column":29}},"type":"binary-expr","locations":[{"start":{"line":39,"column":10},"end":{"line":39,"column":16}},{"start":{"line":39,"column":20},"end":{"line":39,"column":29}}],"line":39},"6":{"loc":{"start":{"line":45,"column":8},"end":{"line":54,"column":9}},"type":"if","locations":[{"start":{"line":45,"column":8},"end":{"line":54,"column":9}},{"start":{"line":47,"column":15},"end":{"line":54,"column":9}}],"line":45},"7":{"loc":{"start":{"line":47,"column":15},"end":{"line":54,"column":9}},"type":"if","locations":[{"start":{"line":47,"column":15},"end":{"line":54,"column":9}},{"start":{"line":49,"column":15},"end":{"line":54,"column":9}}],"line":47},"8":{"loc":{"start":{"line":67,"column":6},"end":{"line":69,"column":7}},"type":"if","locations":[{"start":{"line":67,"column":6},"end":{"line":69,"column":7}},{"start":{},"end":{}}],"line":67},"9":{"loc":{"start":{"line":71,"column":6},"end":{"line":75,"column":7}},"type":"if","locations":[{"start":{"line":71,"column":6},"end":{"line":75,"column":7}},{"start":{"line":73,"column":13},"end":{"line":75,"column":7}}],"line":71},"10":{"loc":{"start":{"line":84,"column":6},"end":{"line":86,"column":7}},"type":"if","locations":[{"start":{"line":84,"column":6},"end":{"line":86,"column":7}},{"start":{},"end":{}}],"line":84},"11":{"loc":{"start":{"line":88,"column":6},"end":{"line":92,"column":7}},"type":"if","locations":[{"start":{"line":88,"column":6},"end":{"line":92,"column":7}},{"start":{"line":90,"column":13},"end":{"line":92,"column":7}}],"line":88},"12":{"loc":{"start":{"line":101,"column":6},"end":{"line":103,"column":7}},"type":"if","locations":[{"start":{"line":101,"column":6},"end":{"line":103,"column":7}},{"start":{},"end":{}}],"line":101},"13":{"loc":{"start":{"line":105,"column":6},"end":{"line":110,"column":7}},"type":"if","locations":[{"start":{"line":105,"column":6},"end":{"line":110,"column":7}},{"start":{"line":108,"column":13},"end":{"line":110,"column":7}}],"line":105}},"s":{"0":3,"1":3,"2":3,"3":3,"4":3,"5":3,"6":7,"7":7,"8":7,"9":6,"10":1,"11":0,"12":0,"13":0,"14":0,"15":0,"16":0,"17":0,"18":1,"19":1,"20":3,"21":4,"22":4,"23":4,"24":4,"25":0,"26":0,"27":0,"28":0,"29":0,"30":0,"31":0,"32":0,"33":3,"34":2,"35":2,"36":2,"37":2,"38":0,"39":0,"40":0,"41":0,"42":0,"43":3,"44":2,"45":2,"46":2,"47":2,"48":0,"49":0,"50":0,"51":0,"52":0,"53":3,"54":2,"55":2,"56":2,"57":2,"58":0,"59":0,"60":0,"61":0,"62":0,"63":0,"64":3},"f":{"0":7,"1":4,"2":0,"3":2,"4":2,"5":2},"b":{"0":[6,1],"1":[7,5,3],"2":[0,0],"3":[0,0],"4":[4,0],"5":[4,2],"6":[0,0],"7":[0,0],"8":[2,0],"9":[0,0],"10":[2,0],"11":[0,0],"12":[2,0],"13":[0,0]},"_coverageSchema":"1a1c01bbd47fc00a2c39e90264f33305004495a9","hash":"b6c9be363861b6f39dcfb3d41fe9731bd692b9d8"}
,"/home/emma/Documents/tek4/eip/test_serveur/src/api/externalApi/facebook.js": {"path":"/home/emma/Documents/tek4/eip/test_serveur/src/api/externalApi/facebook.js","statementMap":{"0":{"start":{"line":1,"column":19},"end":{"line":1,"column":37}},"1":{"start":{"line":2,"column":15},"end":{"line":2,"column":27}},"2":{"start":{"line":3,"column":14},"end":{"line":3,"column":30}},"3":{"start":{"line":4,"column":49},"end":{"line":4,"column":76}},"4":{"start":{"line":5,"column":21},"end":{"line":5,"column":58}},"5":{"start":{"line":6,"column":13},"end":{"line":6,"column":47}},"6":{"start":{"line":7,"column":14},"end":{"line":7,"column":49}},"7":{"start":{"line":8,"column":12},"end":{"line":8,"column":35}},"8":{"start":{"line":9,"column":20},"end":{"line":9,"column":47}},"9":{"start":{"line":10,"column":26},"end":{"line":10,"column":40}},"10":{"start":{"line":13,"column":20},"end":{"line":13,"column":64}},"11":{"start":{"line":14,"column":2},"end":{"line":22,"column":18}},"12":{"start":{"line":25,"column":0},"end":{"line":27,"column":5}},"13":{"start":{"line":26,"column":4},"end":{"line":26,"column":37}},"14":{"start":{"line":30,"column":14},"end":{"line":30,"column":67}},"15":{"start":{"line":31,"column":17},"end":{"line":37,"column":3}},"16":{"start":{"line":38,"column":2},"end":{"line":49,"column":8}},"17":{"start":{"line":50,"column":2},"end":{"line":50,"column":20}},"18":{"start":{"line":53,"column":0},"end":{"line":87,"column":2}},"19":{"start":{"line":54,"column":2},"end":{"line":86,"column":3}},"20":{"start":{"line":55,"column":29},"end":{"line":55,"column":65}},"21":{"start":{"line":56,"column":17},"end":{"line":63,"column":5}},"22":{"start":{"line":64,"column":22},"end":{"line":64,"column":54}},"23":{"start":{"line":65,"column":4},"end":{"line":80,"column":5}},"24":{"start":{"line":66,"column":6},"end":{"line":66,"column":59}},"25":{"start":{"line":67,"column":6},"end":{"line":70,"column":8}},"26":{"start":{"line":72,"column":6},"end":{"line":79,"column":8}},"27":{"start":{"line":73,"column":8},"end":{"line":73,"column":56}},"28":{"start":{"line":74,"column":25},"end":{"line":74,"column":52}},"29":{"start":{"line":75,"column":8},"end":{"line":78,"column":10}},"30":{"start":{"line":82,"column":4},"end":{"line":82,"column":20}},"31":{"start":{"line":83,"column":4},"end":{"line":85,"column":4}},"32":{"start":{"line":89,"column":0},"end":{"line":89,"column":24}}},"fnMap":{"0":{"name":"get_code","decl":{"start":{"line":12,"column":9},"end":{"line":12,"column":17}},"loc":{"start":{"line":12,"column":20},"end":{"line":23,"column":1}},"line":12},"1":{"name":"(anonymous_1)","decl":{"start":{"line":25,"column":19},"end":{"line":25,"column":20}},"loc":{"start":{"line":25,"column":42},"end":{"line":27,"column":3}},"line":25},"2":{"name":"getAccessToken","decl":{"start":{"line":29,"column":15},"end":{"line":29,"column":29}},"loc":{"start":{"line":29,"column":36},"end":{"line":51,"column":1}},"line":29},"3":{"name":"(anonymous_3)","decl":{"start":{"line":53,"column":16},"end":{"line":53,"column":17}},"loc":{"start":{"line":53,"column":41},"end":{"line":87,"column":1}},"line":53},"4":{"name":"(anonymous_4)","decl":{"start":{"line":72,"column":78},"end":{"line":72,"column":79}},"loc":{"start":{"line":72,"column":86},"end":{"line":79,"column":7}},"line":72}},"branchMap":{"0":{"loc":{"start":{"line":65,"column":4},"end":{"line":80,"column":5}},"type":"if","locations":[{"start":{"line":65,"column":4},"end":{"line":80,"column":5}},{"start":{"line":71,"column":11},"end":{"line":80,"column":5}}],"line":65}},"s":{"0":3,"1":3,"2":3,"3":3,"4":3,"5":3,"6":3,"7":3,"8":3,"9":3,"10":2,"11":2,"12":3,"13":2,"14":0,"15":0,"16":0,"17":0,"18":3,"19":0,"20":0,"21":0,"22":0,"23":0,"24":0,"25":0,"26":0,"27":0,"28":0,"29":0,"30":0,"31":0,"32":3},"f":{"0":2,"1":2,"2":0,"3":0,"4":0},"b":{"0":[0,0]},"_coverageSchema":"1a1c01bbd47fc00a2c39e90264f33305004495a9","hash":"15f4151bc035572a36535f42944ea2bbea05c03a"}
,"/home/emma/Documents/tek4/eip/test_serveur/src/api/externalApi/google.js": {"path":"/home/emma/Documents/tek4/eip/test_serveur/src/api/externalApi/google.js","statementMap":{"0":{"start":{"line":1,"column":19},"end":{"line":1,"column":37}},"1":{"start":{"line":2,"column":15},"end":{"line":2,"column":27}},"2":{"start":{"line":3,"column":43},"end":{"line":3,"column":70}},"3":{"start":{"line":4,"column":14},"end":{"line":4,"column":30}},"4":{"start":{"line":5,"column":13},"end":{"line":5,"column":47}},"5":{"start":{"line":6,"column":14},"end":{"line":6,"column":49}},"6":{"start":{"line":7,"column":12},"end":{"line":7,"column":35}},"7":{"start":{"line":8,"column":20},"end":{"line":8,"column":47}},"8":{"start":{"line":9,"column":21},"end":{"line":9,"column":56}},"9":{"start":{"line":10,"column":26},"end":{"line":10,"column":40}},"10":{"start":{"line":13,"column":20},"end":{"line":13,"column":66}},"11":{"start":{"line":14,"column":4},"end":{"line":27,"column":22}},"12":{"start":{"line":34,"column":0},"end":{"line":36,"column":3}},"13":{"start":{"line":35,"column":4},"end":{"line":35,"column":45}},"14":{"start":{"line":48,"column":16},"end":{"line":48,"column":53}},"15":{"start":{"line":49,"column":19},"end":{"line":55,"column":17}},"16":{"start":{"line":56,"column":4},"end":{"line":61,"column":10}},"17":{"start":{"line":62,"column":4},"end":{"line":62,"column":22}},"18":{"start":{"line":65,"column":0},"end":{"line":100,"column":2}},"19":{"start":{"line":66,"column":4},"end":{"line":99,"column":5}},"20":{"start":{"line":67,"column":43},"end":{"line":67,"column":79}},"21":{"start":{"line":68,"column":21},"end":{"line":76,"column":13}},"22":{"start":{"line":77,"column":26},"end":{"line":77,"column":58}},"23":{"start":{"line":78,"column":8},"end":{"line":93,"column":9}},"24":{"start":{"line":79,"column":12},"end":{"line":79,"column":63}},"25":{"start":{"line":80,"column":12},"end":{"line":83,"column":14}},"26":{"start":{"line":85,"column":12},"end":{"line":92,"column":14}},"27":{"start":{"line":86,"column":16},"end":{"line":86,"column":62}},"28":{"start":{"line":87,"column":33},"end":{"line":87,"column":60}},"29":{"start":{"line":88,"column":16},"end":{"line":91,"column":18}},"30":{"start":{"line":95,"column":8},"end":{"line":95,"column":25}},"31":{"start":{"line":96,"column":8},"end":{"line":98,"column":10}},"32":{"start":{"line":102,"column":0},"end":{"line":102,"column":24}}},"fnMap":{"0":{"name":"getGoogleAuthURL","decl":{"start":{"line":12,"column":9},"end":{"line":12,"column":25}},"loc":{"start":{"line":12,"column":28},"end":{"line":28,"column":1}},"line":12},"1":{"name":"(anonymous_1)","decl":{"start":{"line":34,"column":24},"end":{"line":34,"column":25}},"loc":{"start":{"line":34,"column":47},"end":{"line":36,"column":1}},"line":34},"2":{"name":"getLoginTokens","decl":{"start":{"line":47,"column":15},"end":{"line":47,"column":29}},"loc":{"start":{"line":47,"column":36},"end":{"line":63,"column":1}},"line":47},"3":{"name":"(anonymous_3)","decl":{"start":{"line":65,"column":21},"end":{"line":65,"column":22}},"loc":{"start":{"line":65,"column":46},"end":{"line":100,"column":1}},"line":65},"4":{"name":"(anonymous_4)","decl":{"start":{"line":85,"column":74},"end":{"line":85,"column":75}},"loc":{"start":{"line":85,"column":82},"end":{"line":92,"column":13}},"line":85}},"branchMap":{"0":{"loc":{"start":{"line":78,"column":8},"end":{"line":93,"column":9}},"type":"if","locations":[{"start":{"line":78,"column":8},"end":{"line":93,"column":9}},{"start":{"line":84,"column":15},"end":{"line":93,"column":9}}],"line":78}},"s":{"0":3,"1":3,"2":3,"3":3,"4":3,"5":3,"6":3,"7":3,"8":3,"9":3,"10":2,"11":2,"12":3,"13":2,"14":0,"15":0,"16":0,"17":0,"18":3,"19":0,"20":0,"21":0,"22":0,"23":0,"24":0,"25":0,"26":0,"27":0,"28":0,"29":0,"30":0,"31":0,"32":3},"f":{"0":2,"1":2,"2":0,"3":0,"4":0},"b":{"0":[0,0]},"_coverageSchema":"1a1c01bbd47fc00a2c39e90264f33305004495a9","hash":"94bc1e9e39185c5100f20cefd0754f68d206602d"}
,"/home/emma/Documents/tek4/eip/test_serveur/src/api/externalApi/oauth.js": {"path":"/home/emma/Documents/tek4/eip/test_serveur/src/api/externalApi/oauth.js","statementMap":{"0":{"start":{"line":1,"column":19},"end":{"line":1,"column":37}},"1":{"start":{"line":2,"column":15},"end":{"line":2,"column":27}},"2":{"start":{"line":3,"column":17},"end":{"line":3,"column":38}},"3":{"start":{"line":4,"column":15},"end":{"line":4,"column":34}},"4":{"start":{"line":6,"column":0},"end":{"line":6,"column":30}},"5":{"start":{"line":7,"column":0},"end":{"line":7,"column":34}},"6":{"start":{"line":8,"column":0},"end":{"line":8,"column":24}}},"fnMap":{},"branchMap":{},"s":{"0":3,"1":3,"2":3,"3":3,"4":3,"5":3,"6":3},"f":{},"b":{},"_coverageSchema":"1a1c01bbd47fc00a2c39e90264f33305004495a9","hash":"20e9f53c468099ba1bf984fd9ba9427a3d9dce8b"}
,"/home/emma/Documents/tek4/eip/test_serveur/src/middleware/security.js": {"path":"/home/emma/Documents/tek4/eip/test_serveur/src/middleware/security.js","statementMap":{"0":{"start":{"line":1,"column":12},"end":{"line":1,"column":35}},"1":{"start":{"line":2,"column":20},"end":{"line":2,"column":39}},"2":{"start":{"line":4,"column":0},"end":{"line":22,"column":1}},"3":{"start":{"line":5,"column":16},"end":{"line":5,"column":77}},"4":{"start":{"line":6,"column":4},"end":{"line":8,"column":5}},"5":{"start":{"line":7,"column":8},"end":{"line":7,"column":45}},"6":{"start":{"line":10,"column":4},"end":{"line":21,"column":5}},"7":{"start":{"line":11,"column":8},"end":{"line":18,"column":11}},"8":{"start":{"line":12,"column":12},"end":{"line":17,"column":13}},"9":{"start":{"line":13,"column":16},"end":{"line":13,"column":63}},"10":{"start":{"line":15,"column":16},"end":{"line":15,"column":45}},"11":{"start":{"line":16,"column":16},"end":{"line":16,"column":23}},"12":{"start":{"line":20,"column":8},"end":{"line":20,"column":54}}},"fnMap":{"0":{"name":"(anonymous_0)","decl":{"start":{"line":4,"column":19},"end":{"line":4,"column":20}},"loc":{"start":{"line":4,"column":45},"end":{"line":22,"column":1}},"line":4},"1":{"name":"(anonymous_1)","decl":{"start":{"line":11,"column":35},"end":{"line":11,"column":36}},"loc":{"start":{"line":11,"column":53},"end":{"line":18,"column":9}},"line":11}},"branchMap":{"0":{"loc":{"start":{"line":5,"column":16},"end":{"line":5,"column":77}},"type":"binary-expr","locations":[{"start":{"line":5,"column":16},"end":{"line":5,"column":45}},{"start":{"line":5,"column":49},"end":{"line":5,"column":77}}],"line":5},"1":{"loc":{"start":{"line":6,"column":4},"end":{"line":8,"column":5}},"type":"if","locations":[{"start":{"line":6,"column":4},"end":{"line":8,"column":5}},{"start":{},"end":{}}],"line":6},"2":{"loc":{"start":{"line":6,"column":8},"end":{"line":6,"column":46}},"type":"binary-expr","locations":[{"start":{"line":6,"column":8},"end":{"line":6,"column":15}},{"start":{"line":6,"column":19},"end":{"line":6,"column":46}}],"line":6},"3":{"loc":{"start":{"line":10,"column":4},"end":{"line":21,"column":5}},"type":"if","locations":[{"start":{"line":10,"column":4},"end":{"line":21,"column":5}},{"start":{"line":19,"column":11},"end":{"line":21,"column":5}}],"line":10},"4":{"loc":{"start":{"line":12,"column":12},"end":{"line":17,"column":13}},"type":"if","locations":[{"start":{"line":12,"column":12},"end":{"line":17,"column":13}},{"start":{"line":14,"column":19},"end":{"line":17,"column":13}}],"line":12}},"s":{"0":3,"1":3,"2":3,"3":0,"4":0,"5":0,"6":0,"7":0,"8":0,"9":0,"10":0,"11":0,"12":0},"f":{"0":0,"1":0},"b":{"0":[0,0],"1":[0,0],"2":[0,0],"3":[0,0],"4":[0,0]},"_coverageSchema":"1a1c01bbd47fc00a2c39e90264f33305004495a9","hash":"0d7dda9580e7bf11ea23bccd8dbe7fda12ff3c97"}
,"/home/emma/Documents/tek4/eip/test_serveur/src/persistence/db.js": {"path":"/home/emma/Documents/tek4/eip/test_serveur/src/persistence/db.js","statementMap":{"0":{"start":{"line":1,"column":17},"end":{"line":1,"column":30}},"1":{"start":{"line":3,"column":0},"end":{"line":6,"column":3}}},"fnMap":{},"branchMap":{},"s":{"0":3,"1":3},"f":{},"b":{},"_coverageSchema":"1a1c01bbd47fc00a2c39e90264f33305004495a9","hash":"e7bae51316821fc9abbece7ef2c26e2d5ed26327"}
,"/home/emma/Documents/tek4/eip/test_serveur/src/persistence/process.js": {"path":"/home/emma/Documents/tek4/eip/test_serveur/src/persistence/process.js","statementMap":{"0":{"start":{"line":1,"column":11},"end":{"line":1,"column":26}},"1":{"start":{"line":2,"column":12},"end":{"line":2,"column":43}},"2":{"start":{"line":4,"column":0},"end":{"line":39,"column":1}},"3":{"start":{"line":6,"column":8},"end":{"line":16,"column":9}},"4":{"start":{"line":7,"column":29},"end":{"line":11,"column":14}},"5":{"start":{"line":12,"column":30},"end":{"line":12,"column":34}},"6":{"start":{"line":13,"column":12},"end":{"line":13,"column":27}},"7":{"start":{"line":15,"column":12},"end":{"line":15,"column":24}},"8":{"start":{"line":19,"column":8},"end":{"line":25,"column":9}},"9":{"start":{"line":20,"column":29},"end":{"line":21,"column":55}},"10":{"start":{"line":22,"column":12},"end":{"line":22,"column":27}},"11":{"start":{"line":24,"column":12},"end":{"line":24,"column":24}},"12":{"start":{"line":28,"column":25},"end":{"line":30,"column":10}},"13":{"start":{"line":31,"column":8},"end":{"line":31,"column":23}},"14":{"start":{"line":34,"column":25},"end":{"line":36,"column":10}},"15":{"start":{"line":37,"column":8},"end":{"line":37,"column":20}}},"fnMap":{"0":{"name":"(anonymous_0)","decl":{"start":{"line":5,"column":4},"end":{"line":5,"column":5}},"loc":{"start":{"line":5,"column":64},"end":{"line":17,"column":5}},"line":5},"1":{"name":"(anonymous_1)","decl":{"start":{"line":18,"column":4},"end":{"line":18,"column":5}},"loc":{"start":{"line":18,"column":24},"end":{"line":26,"column":5}},"line":18},"2":{"name":"(anonymous_2)","decl":{"start":{"line":27,"column":4},"end":{"line":27,"column":5}},"loc":{"start":{"line":27,"column":21},"end":{"line":32,"column":5}},"line":27},"3":{"name":"(anonymous_3)","decl":{"start":{"line":33,"column":4},"end":{"line":33,"column":5}},"loc":{"start":{"line":33,"column":19},"end":{"line":38,"column":5}},"line":33}},"branchMap":{"0":{"loc":{"start":{"line":5,"column":37},"end":{"line":5,"column":48}},"type":"default-arg","locations":[{"start":{"line":5,"column":46},"end":{"line":5,"column":48}}],"line":5},"1":{"loc":{"start":{"line":5,"column":50},"end":{"line":5,"column":62}},"type":"default-arg","locations":[{"start":{"line":5,"column":58},"end":{"line":5,"column":62}}],"line":5}},"s":{"0":3,"1":3,"2":3,"3":0,"4":0,"5":0,"6":0,"7":0,"8":0,"9":0,"10":0,"11":0,"12":0,"13":0,"14":0,"15":0},"f":{"0":0,"1":0,"2":0,"3":0},"b":{"0":[0],"1":[0]},"_coverageSchema":"1a1c01bbd47fc00a2c39e90264f33305004495a9","hash":"d514e18fd2f9469074251ef5aead7a0c795707e7"}
,"/home/emma/Documents/tek4/eip/test_serveur/src/persistence/step.js": {"path":"/home/emma/Documents/tek4/eip/test_serveur/src/persistence/step.js","statementMap":{"0":{"start":{"line":1,"column":11},"end":{"line":1,"column":26}},"1":{"start":{"line":2,"column":12},"end":{"line":2,"column":43}},"2":{"start":{"line":4,"column":0},"end":{"line":39,"column":1}},"3":{"start":{"line":6,"column":8},"end":{"line":16,"column":9}},"4":{"start":{"line":7,"column":29},"end":{"line":11,"column":14}},"5":{"start":{"line":12,"column":27},"end":{"line":12,"column":31}},"6":{"start":{"line":13,"column":12},"end":{"line":13,"column":24}},"7":{"start":{"line":15,"column":12},"end":{"line":15,"column":24}},"8":{"start":{"line":19,"column":8},"end":{"line":25,"column":9}},"9":{"start":{"line":20,"column":29},"end":{"line":21,"column":62}},"10":{"start":{"line":22,"column":12},"end":{"line":22,"column":27}},"11":{"start":{"line":24,"column":12},"end":{"line":24,"column":24}},"12":{"start":{"line":28,"column":25},"end":{"line":30,"column":10}},"13":{"start":{"line":31,"column":8},"end":{"line":31,"column":20}},"14":{"start":{"line":34,"column":25},"end":{"line":36,"column":10}},"15":{"start":{"line":37,"column":8},"end":{"line":37,"column":23}}},"fnMap":{"0":{"name":"(anonymous_0)","decl":{"start":{"line":5,"column":4},"end":{"line":5,"column":5}},"loc":{"start":{"line":5,"column":104},"end":{"line":17,"column":5}},"line":5},"1":{"name":"(anonymous_1)","decl":{"start":{"line":18,"column":4},"end":{"line":18,"column":5}},"loc":{"start":{"line":18,"column":32},"end":{"line":26,"column":5}},"line":18},"2":{"name":"(anonymous_2)","decl":{"start":{"line":27,"column":4},"end":{"line":27,"column":5}},"loc":{"start":{"line":27,"column":35},"end":{"line":32,"column":5}},"line":27},"3":{"name":"(anonymous_3)","decl":{"start":{"line":33,"column":4},"end":{"line":33,"column":5}},"loc":{"start":{"line":33,"column":27},"end":{"line":38,"column":5}},"line":33}},"branchMap":{"0":{"loc":{"start":{"line":5,"column":68},"end":{"line":5,"column":83}},"type":"default-arg","locations":[{"start":{"line":5,"column":81},"end":{"line":5,"column":83}}],"line":5},"1":{"loc":{"start":{"line":5,"column":85},"end":{"line":5,"column":102}},"type":"default-arg","locations":[{"start":{"line":5,"column":97},"end":{"line":5,"column":102}}],"line":5}},"s":{"0":3,"1":3,"2":3,"3":0,"4":0,"5":0,"6":0,"7":0,"8":0,"9":0,"10":0,"11":0,"12":0,"13":0,"14":0,"15":0},"f":{"0":0,"1":0,"2":0,"3":0},"b":{"0":[0],"1":[0]},"_coverageSchema":"1a1c01bbd47fc00a2c39e90264f33305004495a9","hash":"006358a4d3ddb2db1a7d0939757029d42cb9f993"}
,"/home/emma/Documents/tek4/eip/test_serveur/src/persistence/tokens.js": {"path":"/home/emma/Documents/tek4/eip/test_serveur/src/persistence/tokens.js","statementMap":{"0":{"start":{"line":1,"column":11},"end":{"line":1,"column":26}},"1":{"start":{"line":3,"column":0},"end":{"line":32,"column":2}},"2":{"start":{"line":5,"column":4},"end":{"line":17,"column":5}},"3":{"start":{"line":7,"column":6},"end":{"line":10,"column":106}},"4":{"start":{"line":8,"column":8},"end":{"line":8,"column":119}},"5":{"start":{"line":10,"column":8},"end":{"line":10,"column":106}},"6":{"start":{"line":11,"column":6},"end":{"line":14,"column":8}},"7":{"start":{"line":12,"column":8},"end":{"line":12,"column":22}},"8":{"start":{"line":16,"column":6},"end":{"line":16,"column":18}},"9":{"start":{"line":20,"column":18},"end":{"line":20,"column":107}},"10":{"start":{"line":21,"column":21},"end":{"line":21,"column":42}},"11":{"start":{"line":22,"column":4},"end":{"line":22,"column":28}},"12":{"start":{"line":25,"column":18},"end":{"line":25,"column":83}},"13":{"start":{"line":26,"column":21},"end":{"line":26,"column":42}},"14":{"start":{"line":27,"column":4},"end":{"line":27,"column":21}},"15":{"start":{"line":28,"column":4},"end":{"line":28,"column":24}},"16":{"start":{"line":29,"column":4},"end":{"line":29,"column":27}},"17":{"start":{"line":30,"column":4},"end":{"line":30,"column":19}}},"fnMap":{"0":{"name":"(anonymous_0)","decl":{"start":{"line":4,"column":2},"end":{"line":4,"column":3}},"loc":{"start":{"line":4,"column":45},"end":{"line":18,"column":3}},"line":4},"1":{"name":"(anonymous_1)","decl":{"start":{"line":11,"column":27},"end":{"line":11,"column":28}},"loc":{"start":{"line":11,"column":33},"end":{"line":13,"column":7}},"line":11},"2":{"name":"(anonymous_2)","decl":{"start":{"line":13,"column":15},"end":{"line":13,"column":16}},"loc":{"start":{"line":13,"column":20},"end":{"line":14,"column":7}},"line":13},"3":{"name":"(anonymous_3)","decl":{"start":{"line":19,"column":2},"end":{"line":19,"column":3}},"loc":{"start":{"line":19,"column":29},"end":{"line":23,"column":3}},"line":19},"4":{"name":"(anonymous_4)","decl":{"start":{"line":24,"column":2},"end":{"line":24,"column":3}},"loc":{"start":{"line":24,"column":23},"end":{"line":31,"column":3}},"line":24}},"branchMap":{"0":{"loc":{"start":{"line":7,"column":6},"end":{"line":10,"column":106}},"type":"if","locations":[{"start":{"line":7,"column":6},"end":{"line":10,"column":106}},{"start":{"line":10,"column":8},"end":{"line":10,"column":106}}],"line":7}},"s":{"0":3,"1":3,"2":0,"3":0,"4":0,"5":0,"6":0,"7":0,"8":0,"9":0,"10":0,"11":0,"12":0,"13":0,"14":0,"15":0,"16":0,"17":0},"f":{"0":0,"1":0,"2":0,"3":0,"4":0},"b":{"0":[0,0]},"_coverageSchema":"1a1c01bbd47fc00a2c39e90264f33305004495a9","hash":"f42c262660969797d566911a1312fcecd6484cef"}
,"/home/emma/Documents/tek4/eip/test_serveur/src/persistence/userProcess.js": {"path":"/home/emma/Documents/tek4/eip/test_serveur/src/persistence/userProcess.js","statementMap":{"0":{"start":{"line":1,"column":11},"end":{"line":1,"column":26}},"1":{"start":{"line":2,"column":12},"end":{"line":2,"column":43}},"2":{"start":{"line":4,"column":0},"end":{"line":40,"column":2}},"3":{"start":{"line":6,"column":8},"end":{"line":17,"column":9}},"4":{"start":{"line":7,"column":30},"end":{"line":7,"column":40}},"5":{"start":{"line":8,"column":29},"end":{"line":12,"column":14}},"6":{"start":{"line":13,"column":35},"end":{"line":13,"column":39}},"7":{"start":{"line":14,"column":12},"end":{"line":14,"column":32}},"8":{"start":{"line":16,"column":12},"end":{"line":16,"column":24}},"9":{"start":{"line":20,"column":8},"end":{"line":26,"column":9}},"10":{"start":{"line":21,"column":29},"end":{"line":22,"column":93}},"11":{"start":{"line":23,"column":12},"end":{"line":23,"column":27}},"12":{"start":{"line":25,"column":12},"end":{"line":25,"column":24}},"13":{"start":{"line":29,"column":25},"end":{"line":31,"column":10}},"14":{"start":{"line":32,"column":8},"end":{"line":32,"column":23}},"15":{"start":{"line":35,"column":25},"end":{"line":37,"column":10}},"16":{"start":{"line":38,"column":8},"end":{"line":38,"column":20}}},"fnMap":{"0":{"name":"(anonymous_0)","decl":{"start":{"line":5,"column":4},"end":{"line":5,"column":5}},"loc":{"start":{"line":5,"column":53},"end":{"line":18,"column":5}},"line":5},"1":{"name":"(anonymous_1)","decl":{"start":{"line":19,"column":4},"end":{"line":19,"column":5}},"loc":{"start":{"line":19,"column":38},"end":{"line":27,"column":5}},"line":19},"2":{"name":"(anonymous_2)","decl":{"start":{"line":28,"column":4},"end":{"line":28,"column":5}},"loc":{"start":{"line":28,"column":35},"end":{"line":33,"column":5}},"line":28},"3":{"name":"(anonymous_3)","decl":{"start":{"line":34,"column":4},"end":{"line":34,"column":5}},"loc":{"start":{"line":34,"column":26},"end":{"line":39,"column":5}},"line":34}},"branchMap":{},"s":{"0":3,"1":3,"2":3,"3":0,"4":0,"5":0,"6":0,"7":0,"8":0,"9":0,"10":0,"11":0,"12":0,"13":0,"14":0,"15":0,"16":0},"f":{"0":0,"1":0,"2":0,"3":0},"b":{},"_coverageSchema":"1a1c01bbd47fc00a2c39e90264f33305004495a9","hash":"cdca106e81787823e4501d38a0e0004a02ae02b2"}
,"/home/emma/Documents/tek4/eip/test_serveur/src/persistence/userStep.js": {"path":"/home/emma/Documents/tek4/eip/test_serveur/src/persistence/userStep.js","statementMap":{"0":{"start":{"line":1,"column":11},"end":{"line":1,"column":26}},"1":{"start":{"line":2,"column":12},"end":{"line":2,"column":43}},"2":{"start":{"line":3,"column":13},"end":{"line":3,"column":30}},"3":{"start":{"line":5,"column":0},"end":{"line":53,"column":2}},"4":{"start":{"line":7,"column":8},"end":{"line":30,"column":9}},"5":{"start":{"line":8,"column":30},"end":{"line":8,"column":40}},"6":{"start":{"line":9,"column":24},"end":{"line":9,"column":28}},"7":{"start":{"line":10,"column":12},"end":{"line":10,"column":47}},"8":{"start":{"line":11,"column":32},"end":{"line":11,"column":53}},"9":{"start":{"line":12,"column":25},"end":{"line":12,"column":49}},"10":{"start":{"line":13,"column":26},"end":{"line":13,"column":50}},"11":{"start":{"line":14,"column":24},"end":{"line":14,"column":48}},"12":{"start":{"line":15,"column":12},"end":{"line":20,"column":13}},"13":{"start":{"line":16,"column":16},"end":{"line":16,"column":36}},"14":{"start":{"line":17,"column":16},"end":{"line":17,"column":62}},"15":{"start":{"line":18,"column":16},"end":{"line":18,"column":57}},"16":{"start":{"line":19,"column":16},"end":{"line":19,"column":53}},"17":{"start":{"line":21,"column":29},"end":{"line":25,"column":14}},"18":{"start":{"line":26,"column":32},"end":{"line":26,"column":36}},"19":{"start":{"line":27,"column":12},"end":{"line":27,"column":29}},"20":{"start":{"line":29,"column":12},"end":{"line":29,"column":24}},"21":{"start":{"line":33,"column":8},"end":{"line":39,"column":9}},"22":{"start":{"line":34,"column":29},"end":{"line":35,"column":77}},"23":{"start":{"line":36,"column":12},"end":{"line":36,"column":27}},"24":{"start":{"line":38,"column":12},"end":{"line":38,"column":24}},"25":{"start":{"line":42,"column":25},"end":{"line":44,"column":10}},"26":{"start":{"line":45,"column":8},"end":{"line":45,"column":20}},"27":{"start":{"line":48,"column":25},"end":{"line":50,"column":10}},"28":{"start":{"line":51,"column":8},"end":{"line":51,"column":20}}},"fnMap":{"0":{"name":"(anonymous_0)","decl":{"start":{"line":6,"column":4},"end":{"line":6,"column":5}},"loc":{"start":{"line":6,"column":52},"end":{"line":31,"column":5}},"line":6},"1":{"name":"(anonymous_1)","decl":{"start":{"line":32,"column":4},"end":{"line":32,"column":5}},"loc":{"start":{"line":32,"column":37},"end":{"line":40,"column":5}},"line":32},"2":{"name":"(anonymous_2)","decl":{"start":{"line":41,"column":4},"end":{"line":41,"column":5}},"loc":{"start":{"line":41,"column":34},"end":{"line":46,"column":5}},"line":41},"3":{"name":"(anonymous_3)","decl":{"start":{"line":47,"column":4},"end":{"line":47,"column":5}},"loc":{"start":{"line":47,"column":38},"end":{"line":52,"column":5}},"line":47}},"branchMap":{"0":{"loc":{"start":{"line":15,"column":12},"end":{"line":20,"column":13}},"type":"if","locations":[{"start":{"line":15,"column":12},"end":{"line":20,"column":13}},{"start":{},"end":{}}],"line":15}},"s":{"0":3,"1":3,"2":3,"3":3,"4":0,"5":0,"6":0,"7":0,"8":0,"9":0,"10":0,"11":0,"12":0,"13":0,"14":0,"15":0,"16":0,"17":0,"18":0,"19":0,"20":0,"21":0,"22":0,"23":0,"24":0,"25":0,"26":0,"27":0,"28":0},"f":{"0":0,"1":0,"2":0,"3":0},"b":{"0":[0,0]},"_coverageSchema":"1a1c01bbd47fc00a2c39e90264f33305004495a9","hash":"794aa0f94defb830907e2565127bd937d66e11aa"}
,"/home/emma/Documents/tek4/eip/test_serveur/src/persistence/users.js": {"path":"/home/emma/Documents/tek4/eip/test_serveur/src/persistence/users.js","statementMap":{"0":{"start":{"line":1,"column":11},"end":{"line":1,"column":26}},"1":{"start":{"line":2,"column":12},"end":{"line":2,"column":43}},"2":{"start":{"line":3,"column":15},"end":{"line":3,"column":34}},"3":{"start":{"line":5,"column":0},"end":{"line":61,"column":2}},"4":{"start":{"line":7,"column":4},"end":{"line":21,"column":5}},"5":{"start":{"line":8,"column":29},"end":{"line":8,"column":60}},"6":{"start":{"line":9,"column":23},"end":{"line":13,"column":8}},"7":{"start":{"line":14,"column":21},"end":{"line":14,"column":25}},"8":{"start":{"line":15,"column":6},"end":{"line":15,"column":18}},"9":{"start":{"line":17,"column":6},"end":{"line":19,"column":7}},"10":{"start":{"line":18,"column":8},"end":{"line":18,"column":20}},"11":{"start":{"line":20,"column":6},"end":{"line":20,"column":18}},"12":{"start":{"line":24,"column":21},"end":{"line":26,"column":6}},"13":{"start":{"line":27,"column":4},"end":{"line":27,"column":19}},"14":{"start":{"line":30,"column":21},"end":{"line":32,"column":6}},"15":{"start":{"line":33,"column":4},"end":{"line":33,"column":19}},"16":{"start":{"line":36,"column":21},"end":{"line":40,"column":6}},"17":{"start":{"line":41,"column":4},"end":{"line":43,"column":5}},"18":{"start":{"line":42,"column":6},"end":{"line":42,"column":65}},"19":{"start":{"line":44,"column":4},"end":{"line":50,"column":6}},"20":{"start":{"line":45,"column":6},"end":{"line":49,"column":7}},"21":{"start":{"line":46,"column":8},"end":{"line":46,"column":83}},"22":{"start":{"line":48,"column":8},"end":{"line":48,"column":66}},"23":{"start":{"line":53,"column":4},"end":{"line":59,"column":5}},"24":{"start":{"line":54,"column":23},"end":{"line":55,"column":52}},"25":{"start":{"line":56,"column":6},"end":{"line":56,"column":21}},"26":{"start":{"line":58,"column":5},"end":{"line":58,"column":17}}},"fnMap":{"0":{"name":"(anonymous_0)","decl":{"start":{"line":6,"column":2},"end":{"line":6,"column":3}},"loc":{"start":{"line":6,"column":47},"end":{"line":22,"column":3}},"line":6},"1":{"name":"(anonymous_1)","decl":{"start":{"line":23,"column":2},"end":{"line":23,"column":3}},"loc":{"start":{"line":23,"column":20},"end":{"line":28,"column":3}},"line":23},"2":{"name":"(anonymous_2)","decl":{"start":{"line":29,"column":2},"end":{"line":29,"column":3}},"loc":{"start":{"line":29,"column":31},"end":{"line":34,"column":3}},"line":29},"3":{"name":"(anonymous_3)","decl":{"start":{"line":35,"column":2},"end":{"line":35,"column":3}},"loc":{"start":{"line":35,"column":43},"end":{"line":51,"column":3}},"line":35},"4":{"name":"(anonymous_4)","decl":{"start":{"line":44,"column":47},"end":{"line":44,"column":48}},"loc":{"start":{"line":44,"column":64},"end":{"line":50,"column":5}},"line":44},"5":{"name":"(anonymous_5)","decl":{"start":{"line":52,"column":2},"end":{"line":52,"column":3}},"loc":{"start":{"line":52,"column":22},"end":{"line":60,"column":3}},"line":52}},"branchMap":{"0":{"loc":{"start":{"line":6,"column":32},"end":{"line":6,"column":45}},"type":"default-arg","locations":[{"start":{"line":6,"column":43},"end":{"line":6,"column":45}}],"line":6},"1":{"loc":{"start":{"line":17,"column":6},"end":{"line":19,"column":7}},"type":"if","locations":[{"start":{"line":17,"column":6},"end":{"line":19,"column":7}},{"start":{},"end":{}}],"line":17},"2":{"loc":{"start":{"line":41,"column":4},"end":{"line":43,"column":5}},"type":"if","locations":[{"start":{"line":41,"column":4},"end":{"line":43,"column":5}},{"start":{},"end":{}}],"line":41},"3":{"loc":{"start":{"line":45,"column":6},"end":{"line":49,"column":7}},"type":"if","locations":[{"start":{"line":45,"column":6},"end":{"line":49,"column":7}},{"start":{"line":47,"column":13},"end":{"line":49,"column":7}}],"line":45}},"s":{"0":3,"1":3,"2":3,"3":3,"4":0,"5":0,"6":0,"7":0,"8":0,"9":0,"10":0,"11":0,"12":1,"13":0,"14":0,"15":0,"16":0,"17":0,"18":0,"19":0,"20":0,"21":0,"22":0,"23":0,"24":0,"25":0,"26":0},"f":{"0":0,"1":1,"2":0,"3":0,"4":0,"5":0},"b":{"0":[0],"1":[0,0],"2":[0,0],"3":[0,0]},"_coverageSchema":"1a1c01bbd47fc00a2c39e90264f33305004495a9","hash":"df12a86dd3f26bc3784146bffdf0884cd40a2ebe"}
,"/home/emma/Documents/tek4/eip/test_serveur/src/process/index.js": {"path":"/home/emma/Documents/tek4/eip/test_serveur/src/process/index.js","statementMap":{"0":{"start":{"line":1,"column":16},"end":{"line":1,"column":34}},"1":{"start":{"line":2,"column":19},"end":{"line":2,"column":26}},"2":{"start":{"line":3,"column":15},"end":{"line":3,"column":27}},"3":{"start":{"line":4,"column":16},"end":{"line":4,"column":39}},"4":{"start":{"line":5,"column":13},"end":{"line":5,"column":33}},"5":{"start":{"line":6,"column":18},"end":{"line":6,"column":43}},"6":{"start":{"line":7,"column":20},"end":{"line":7,"column":47}},"7":{"start":{"line":9,"column":0},"end":{"line":9,"column":32}},"8":{"start":{"line":10,"column":0},"end":{"line":10,"column":26}},"9":{"start":{"line":11,"column":0},"end":{"line":11,"column":43}},"10":{"start":{"line":12,"column":0},"end":{"line":12,"column":40}},"11":{"start":{"line":14,"column":0},"end":{"line":14,"column":24}}},"fnMap":{},"branchMap":{},"s":{"0":3,"1":3,"2":3,"3":3,"4":3,"5":3,"6":3,"7":3,"8":3,"9":3,"10":3,"11":3},"f":{},"b":{},"_coverageSchema":"1a1c01bbd47fc00a2c39e90264f33305004495a9","hash":"3c5b68f24c1b6d17210b2711cd135c811974f189"}
,"/home/emma/Documents/tek4/eip/test_serveur/src/process/process.js": {"path":"/home/emma/Documents/tek4/eip/test_serveur/src/process/process.js","statementMap":{"0":{"start":{"line":1,"column":19},"end":{"line":1,"column":37}},"1":{"start":{"line":2,"column":16},"end":{"line":2,"column":49}},"2":{"start":{"line":3,"column":13},"end":{"line":3,"column":43}},"3":{"start":{"line":4,"column":15},"end":{"line":4,"column":27}},"4":{"start":{"line":6,"column":2},"end":{"line":20,"column":5}},"5":{"start":{"line":7,"column":4},"end":{"line":19,"column":5}},"6":{"start":{"line":8,"column":54},"end":{"line":8,"column":66}},"7":{"start":{"line":9,"column":8},"end":{"line":11,"column":9}},"8":{"start":{"line":10,"column":10},"end":{"line":10,"column":88}},"9":{"start":{"line":12,"column":20},"end":{"line":12,"column":75}},"10":{"start":{"line":13,"column":8},"end":{"line":16,"column":11}},"11":{"start":{"line":18,"column":8},"end":{"line":18,"column":71}},"12":{"start":{"line":21,"column":2},"end":{"line":43,"column":5}},"13":{"start":{"line":22,"column":4},"end":{"line":42,"column":5}},"14":{"start":{"line":23,"column":26},"end":{"line":23,"column":38}},"15":{"start":{"line":24,"column":8},"end":{"line":26,"column":9}},"16":{"start":{"line":25,"column":12},"end":{"line":25,"column":81}},"17":{"start":{"line":27,"column":21},"end":{"line":27,"column":45}},"18":{"start":{"line":28,"column":8},"end":{"line":39,"column":12}},"19":{"start":{"line":29,"column":10},"end":{"line":29,"column":78}},"20":{"start":{"line":31,"column":10},"end":{"line":31,"column":41}},"21":{"start":{"line":32,"column":10},"end":{"line":34,"column":11}},"22":{"start":{"line":33,"column":12},"end":{"line":33,"column":78}},"23":{"start":{"line":35,"column":22},"end":{"line":35,"column":49}},"24":{"start":{"line":36,"column":10},"end":{"line":39,"column":11}},"25":{"start":{"line":41,"column":8},"end":{"line":41,"column":71}},"26":{"start":{"line":44,"column":2},"end":{"line":53,"column":5}},"27":{"start":{"line":45,"column":4},"end":{"line":52,"column":5}},"28":{"start":{"line":46,"column":20},"end":{"line":46,"column":42}},"29":{"start":{"line":47,"column":8},"end":{"line":49,"column":11}},"30":{"start":{"line":51,"column":8},"end":{"line":51,"column":71}},"31":{"start":{"line":55,"column":0},"end":{"line":55,"column":24}}},"fnMap":{"0":{"name":"(anonymous_0)","decl":{"start":{"line":6,"column":22},"end":{"line":6,"column":23}},"loc":{"start":{"line":6,"column":51},"end":{"line":20,"column":3}},"line":6},"1":{"name":"(anonymous_1)","decl":{"start":{"line":21,"column":24},"end":{"line":21,"column":25}},"loc":{"start":{"line":21,"column":53},"end":{"line":43,"column":3}},"line":21},"2":{"name":"(anonymous_2)","decl":{"start":{"line":44,"column":24},"end":{"line":44,"column":25}},"loc":{"start":{"line":44,"column":53},"end":{"line":53,"column":3}},"line":44}},"branchMap":{"0":{"loc":{"start":{"line":9,"column":8},"end":{"line":11,"column":9}},"type":"if","locations":[{"start":{"line":9,"column":8},"end":{"line":11,"column":9}},{"start":{},"end":{}}],"line":9},"1":{"loc":{"start":{"line":9,"column":12},"end":{"line":9,"column":34}},"type":"binary-expr","locations":[{"start":{"line":9,"column":12},"end":{"line":9,"column":18}},{"start":{"line":9,"column":22},"end":{"line":9,"column":34}}],"line":9},"2":{"loc":{"start":{"line":24,"column":8},"end":{"line":26,"column":9}},"type":"if","locations":[{"start":{"line":24,"column":8},"end":{"line":26,"column":9}},{"start":{},"end":{}}],"line":24},"3":{"loc":{"start":{"line":28,"column":8},"end":{"line":39,"column":12}},"type":"if","locations":[{"start":{"line":28,"column":8},"end":{"line":39,"column":12}},{"start":{"line":30,"column":15},"end":{"line":39,"column":12}}],"line":28},"4":{"loc":{"start":{"line":32,"column":10},"end":{"line":34,"column":11}},"type":"if","locations":[{"start":{"line":32,"column":10},"end":{"line":34,"column":11}},{"start":{},"end":{}}],"line":32}},"s":{"0":3,"1":3,"2":3,"3":3,"4":3,"5":0,"6":0,"7":0,"8":0,"9":0,"10":0,"11":0,"12":3,"13":0,"14":0,"15":0,"16":0,"17":0,"18":0,"19":0,"20":0,"21":0,"22":0,"23":0,"24":0,"25":0,"26":3,"27":0,"28":0,"29":0,"30":0,"31":3},"f":{"0":0,"1":0,"2":0},"b":{"0":[0,0],"1":[0,0],"2":[0,0],"3":[0,0],"4":[0,0]},"_coverageSchema":"1a1c01bbd47fc00a2c39e90264f33305004495a9","hash":"9ced02de5ca9af6ad161691a1f26177bd0b70518"}
,"/home/emma/Documents/tek4/eip/test_serveur/src/process/questions.js": {"path":"/home/emma/Documents/tek4/eip/test_serveur/src/process/questions.js","statementMap":{"0":{"start":{"line":1,"column":19},"end":{"line":1,"column":37}},"1":{"start":{"line":2,"column":16},"end":{"line":2,"column":49}},"2":{"start":{"line":3,"column":13},"end":{"line":3,"column":43}},"3":{"start":{"line":4,"column":15},"end":{"line":4,"column":27}},"4":{"start":{"line":6,"column":2},"end":{"line":28,"column":5}},"5":{"start":{"line":7,"column":4},"end":{"line":27,"column":5}},"6":{"start":{"line":8,"column":26},"end":{"line":8,"column":38}},"7":{"start":{"line":9,"column":8},"end":{"line":11,"column":9}},"8":{"start":{"line":10,"column":12},"end":{"line":10,"column":81}},"9":{"start":{"line":12,"column":24},"end":{"line":12,"column":48}},"10":{"start":{"line":13,"column":8},"end":{"line":15,"column":9}},"11":{"start":{"line":14,"column":12},"end":{"line":14,"column":80}},"12":{"start":{"line":16,"column":22},"end":{"line":16,"column":57}},"13":{"start":{"line":17,"column":8},"end":{"line":19,"column":9}},"14":{"start":{"line":18,"column":12},"end":{"line":18,"column":78}},"15":{"start":{"line":20,"column":24},"end":{"line":20,"column":26}},"16":{"start":{"line":21,"column":8},"end":{"line":23,"column":9}},"17":{"start":{"line":22,"column":12},"end":{"line":22,"column":61}},"18":{"start":{"line":24,"column":8},"end":{"line":24,"column":66}},"19":{"start":{"line":26,"column":8},"end":{"line":26,"column":71}},"20":{"start":{"line":30,"column":0},"end":{"line":30,"column":24}}},"fnMap":{"0":{"name":"(anonymous_0)","decl":{"start":{"line":6,"column":21},"end":{"line":6,"column":22}},"loc":{"start":{"line":6,"column":50},"end":{"line":28,"column":3}},"line":6}},"branchMap":{"0":{"loc":{"start":{"line":9,"column":8},"end":{"line":11,"column":9}},"type":"if","locations":[{"start":{"line":9,"column":8},"end":{"line":11,"column":9}},{"start":{},"end":{}}],"line":9},"1":{"loc":{"start":{"line":13,"column":8},"end":{"line":15,"column":9}},"type":"if","locations":[{"start":{"line":13,"column":8},"end":{"line":15,"column":9}},{"start":{},"end":{}}],"line":13},"2":{"loc":{"start":{"line":17,"column":8},"end":{"line":19,"column":9}},"type":"if","locations":[{"start":{"line":17,"column":8},"end":{"line":19,"column":9}},{"start":{},"end":{}}],"line":17}},"s":{"0":3,"1":3,"2":3,"3":3,"4":3,"5":0,"6":0,"7":0,"8":0,"9":0,"10":0,"11":0,"12":0,"13":0,"14":0,"15":0,"16":0,"17":0,"18":0,"19":0,"20":3},"f":{"0":0},"b":{"0":[0,0],"1":[0,0],"2":[0,0]},"_coverageSchema":"1a1c01bbd47fc00a2c39e90264f33305004495a9","hash":"68d6f598be14053a45e5e01fa8c4dbc3ea695f53"}
,"/home/emma/Documents/tek4/eip/test_serveur/src/process/step.js": {"path":"/home/emma/Documents/tek4/eip/test_serveur/src/process/step.js","statementMap":{"0":{"start":{"line":1,"column":19},"end":{"line":1,"column":37}},"1":{"start":{"line":2,"column":16},"end":{"line":2,"column":49}},"2":{"start":{"line":3,"column":13},"end":{"line":3,"column":43}},"3":{"start":{"line":4,"column":15},"end":{"line":4,"column":27}},"4":{"start":{"line":6,"column":0},"end":{"line":24,"column":5}},"5":{"start":{"line":7,"column":4},"end":{"line":23,"column":5}},"6":{"start":{"line":8,"column":96},"end":{"line":8,"column":108}},"7":{"start":{"line":9,"column":8},"end":{"line":11,"column":9}},"8":{"start":{"line":10,"column":12},"end":{"line":10,"column":81}},"9":{"start":{"line":12,"column":23},"end":{"line":12,"column":55}},"10":{"start":{"line":13,"column":8},"end":{"line":15,"column":9}},"11":{"start":{"line":14,"column":12},"end":{"line":14,"column":79}},"12":{"start":{"line":16,"column":20},"end":{"line":16,"column":103}},"13":{"start":{"line":17,"column":8},"end":{"line":20,"column":11}},"14":{"start":{"line":22,"column":8},"end":{"line":22,"column":71}},"15":{"start":{"line":25,"column":2},"end":{"line":43,"column":5}},"16":{"start":{"line":26,"column":4},"end":{"line":42,"column":5}},"17":{"start":{"line":27,"column":34},"end":{"line":27,"column":46}},"18":{"start":{"line":28,"column":8},"end":{"line":30,"column":9}},"19":{"start":{"line":29,"column":12},"end":{"line":29,"column":81}},"20":{"start":{"line":31,"column":23},"end":{"line":31,"column":55}},"21":{"start":{"line":32,"column":8},"end":{"line":34,"column":9}},"22":{"start":{"line":33,"column":12},"end":{"line":33,"column":77}},"23":{"start":{"line":35,"column":20},"end":{"line":35,"column":44}},"24":{"start":{"line":36,"column":8},"end":{"line":39,"column":11}},"25":{"start":{"line":41,"column":8},"end":{"line":41,"column":71}},"26":{"start":{"line":45,"column":0},"end":{"line":45,"column":24}}},"fnMap":{"0":{"name":"(anonymous_0)","decl":{"start":{"line":6,"column":20},"end":{"line":6,"column":21}},"loc":{"start":{"line":6,"column":49},"end":{"line":24,"column":3}},"line":6},"1":{"name":"(anonymous_1)","decl":{"start":{"line":25,"column":27},"end":{"line":25,"column":28}},"loc":{"start":{"line":25,"column":56},"end":{"line":43,"column":3}},"line":25}},"branchMap":{"0":{"loc":{"start":{"line":9,"column":8},"end":{"line":11,"column":9}},"type":"if","locations":[{"start":{"line":9,"column":8},"end":{"line":11,"column":9}},{"start":{},"end":{}}],"line":9},"1":{"loc":{"start":{"line":9,"column":12},"end":{"line":9,"column":74}},"type":"binary-expr","locations":[{"start":{"line":9,"column":12},"end":{"line":9,"column":18}},{"start":{"line":9,"column":22},"end":{"line":9,"column":27}},{"start":{"line":9,"column":31},"end":{"line":9,"column":43}},{"start":{"line":9,"column":47},"end":{"line":9,"column":56}},{"start":{"line":9,"column":60},"end":{"line":9,"column":74}}],"line":9},"2":{"loc":{"start":{"line":13,"column":8},"end":{"line":15,"column":9}},"type":"if","locations":[{"start":{"line":13,"column":8},"end":{"line":15,"column":9}},{"start":{},"end":{}}],"line":13},"3":{"loc":{"start":{"line":28,"column":8},"end":{"line":30,"column":9}},"type":"if","locations":[{"start":{"line":28,"column":8},"end":{"line":30,"column":9}},{"start":{},"end":{}}],"line":28},"4":{"loc":{"start":{"line":32,"column":8},"end":{"line":34,"column":9}},"type":"if","locations":[{"start":{"line":32,"column":8},"end":{"line":34,"column":9}},{"start":{},"end":{}}],"line":32}},"s":{"0":3,"1":3,"2":3,"3":3,"4":3,"5":0,"6":0,"7":0,"8":0,"9":0,"10":0,"11":0,"12":0,"13":0,"14":0,"15":3,"16":0,"17":0,"18":0,"19":0,"20":0,"21":0,"22":0,"23":0,"24":0,"25":0,"26":3},"f":{"0":0,"1":0},"b":{"0":[0,0],"1":[0,0,0,0,0],"2":[0,0],"3":[0,0],"4":[0,0]},"_coverageSchema":"1a1c01bbd47fc00a2c39e90264f33305004495a9","hash":"d939514a8ef37421f1171aecc540c445ecf4c119"}
,"/home/emma/Documents/tek4/eip/test_serveur/src/process/userProcess.js": {"path":"/home/emma/Documents/tek4/eip/test_serveur/src/process/userProcess.js","statementMap":{"0":{"start":{"line":1,"column":19},"end":{"line":1,"column":37}},"1":{"start":{"line":2,"column":20},"end":{"line":2,"column":57}},"2":{"start":{"line":3,"column":13},"end":{"line":3,"column":44}},"3":{"start":{"line":4,"column":16},"end":{"line":4,"column":49}},"4":{"start":{"line":5,"column":13},"end":{"line":5,"column":43}},"5":{"start":{"line":6,"column":17},"end":{"line":6,"column":51}},"6":{"start":{"line":7,"column":15},"end":{"line":7,"column":27}},"7":{"start":{"line":9,"column":0},"end":{"line":44,"column":3}},"8":{"start":{"line":10,"column":4},"end":{"line":43,"column":5}},"9":{"start":{"line":11,"column":57},"end":{"line":11,"column":69}},"10":{"start":{"line":12,"column":8},"end":{"line":14,"column":9}},"11":{"start":{"line":13,"column":12},"end":{"line":13,"column":81}},"12":{"start":{"line":15,"column":21},"end":{"line":15,"column":48}},"13":{"start":{"line":16,"column":8},"end":{"line":18,"column":9}},"14":{"start":{"line":17,"column":12},"end":{"line":17,"column":77}},"15":{"start":{"line":19,"column":24},"end":{"line":19,"column":56}},"16":{"start":{"line":20,"column":8},"end":{"line":22,"column":9}},"17":{"start":{"line":21,"column":12},"end":{"line":21,"column":80}},"18":{"start":{"line":23,"column":8},"end":{"line":23,"column":66}},"19":{"start":{"line":24,"column":8},"end":{"line":28,"column":9}},"20":{"start":{"line":25,"column":12},"end":{"line":25,"column":88}},"21":{"start":{"line":27,"column":12},"end":{"line":27,"column":54}},"22":{"start":{"line":29,"column":8},"end":{"line":36,"column":9}},"23":{"start":{"line":30,"column":12},"end":{"line":30,"column":38}},"24":{"start":{"line":31,"column":12},"end":{"line":31,"column":37}},"25":{"start":{"line":32,"column":12},"end":{"line":34,"column":13}},"26":{"start":{"line":33,"column":16},"end":{"line":33,"column":81}},"27":{"start":{"line":35,"column":12},"end":{"line":35,"column":68}},"28":{"start":{"line":37,"column":8},"end":{"line":40,"column":11}},"29":{"start":{"line":42,"column":8},"end":{"line":42,"column":71}},"30":{"start":{"line":46,"column":0},"end":{"line":70,"column":3}},"31":{"start":{"line":47,"column":4},"end":{"line":69,"column":5}},"32":{"start":{"line":48,"column":46},"end":{"line":48,"column":58}},"33":{"start":{"line":49,"column":8},"end":{"line":51,"column":9}},"34":{"start":{"line":50,"column":12},"end":{"line":50,"column":81}},"35":{"start":{"line":52,"column":21},"end":{"line":52,"column":48}},"36":{"start":{"line":53,"column":8},"end":{"line":55,"column":9}},"37":{"start":{"line":54,"column":12},"end":{"line":54,"column":77}},"38":{"start":{"line":56,"column":24},"end":{"line":56,"column":56}},"39":{"start":{"line":57,"column":8},"end":{"line":59,"column":9}},"40":{"start":{"line":58,"column":12},"end":{"line":58,"column":80}},"41":{"start":{"line":60,"column":8},"end":{"line":60,"column":66}},"42":{"start":{"line":61,"column":8},"end":{"line":61,"column":50}},"43":{"start":{"line":62,"column":20},"end":{"line":62,"column":65}},"44":{"start":{"line":63,"column":8},"end":{"line":66,"column":11}},"45":{"start":{"line":68,"column":8},"end":{"line":68,"column":71}},"46":{"start":{"line":71,"column":0},"end":{"line":97,"column":3}},"47":{"start":{"line":72,"column":4},"end":{"line":96,"column":5}},"48":{"start":{"line":73,"column":46},"end":{"line":73,"column":58}},"49":{"start":{"line":74,"column":8},"end":{"line":76,"column":9}},"50":{"start":{"line":75,"column":12},"end":{"line":75,"column":81}},"51":{"start":{"line":77,"column":21},"end":{"line":77,"column":48}},"52":{"start":{"line":78,"column":8},"end":{"line":80,"column":9}},"53":{"start":{"line":79,"column":12},"end":{"line":79,"column":77}},"54":{"start":{"line":81,"column":24},"end":{"line":81,"column":56}},"55":{"start":{"line":82,"column":8},"end":{"line":84,"column":9}},"56":{"start":{"line":83,"column":12},"end":{"line":83,"column":80}},"57":{"start":{"line":85,"column":29},"end":{"line":85,"column":71}},"58":{"start":{"line":86,"column":20},"end":{"line":86,"column":58}},"59":{"start":{"line":87,"column":24},"end":{"line":87,"column":66}},"60":{"start":{"line":88,"column":28},"end":{"line":88,"column":76}},"61":{"start":{"line":89,"column":8},"end":{"line":93,"column":11}},"62":{"start":{"line":95,"column":8},"end":{"line":95,"column":71}},"63":{"start":{"line":98,"column":0},"end":{"line":116,"column":3}},"64":{"start":{"line":99,"column":4},"end":{"line":115,"column":5}},"65":{"start":{"line":100,"column":31},"end":{"line":100,"column":43}},"66":{"start":{"line":101,"column":8},"end":{"line":103,"column":9}},"67":{"start":{"line":102,"column":12},"end":{"line":102,"column":81}},"68":{"start":{"line":104,"column":21},"end":{"line":104,"column":48}},"69":{"start":{"line":105,"column":8},"end":{"line":107,"column":9}},"70":{"start":{"line":106,"column":12},"end":{"line":106,"column":77}},"71":{"start":{"line":108,"column":20},"end":{"line":108,"column":53}},"72":{"start":{"line":109,"column":8},"end":{"line":112,"column":11}},"73":{"start":{"line":114,"column":8},"end":{"line":114,"column":71}},"74":{"start":{"line":118,"column":0},"end":{"line":118,"column":24}}},"fnMap":{"0":{"name":"(anonymous_0)","decl":{"start":{"line":9,"column":20},"end":{"line":9,"column":21}},"loc":{"start":{"line":9,"column":49},"end":{"line":44,"column":1}},"line":9},"1":{"name":"(anonymous_1)","decl":{"start":{"line":46,"column":22},"end":{"line":46,"column":23}},"loc":{"start":{"line":46,"column":51},"end":{"line":70,"column":1}},"line":46},"2":{"name":"(anonymous_2)","decl":{"start":{"line":71,"column":28},"end":{"line":71,"column":29}},"loc":{"start":{"line":71,"column":57},"end":{"line":97,"column":1}},"line":71},"3":{"name":"(anonymous_3)","decl":{"start":{"line":98,"column":32},"end":{"line":98,"column":33}},"loc":{"start":{"line":98,"column":61},"end":{"line":116,"column":1}},"line":98}},"branchMap":{"0":{"loc":{"start":{"line":12,"column":8},"end":{"line":14,"column":9}},"type":"if","locations":[{"start":{"line":12,"column":8},"end":{"line":14,"column":9}},{"start":{},"end":{}}],"line":12},"1":{"loc":{"start":{"line":12,"column":12},"end":{"line":12,"column":55}},"type":"binary-expr","locations":[{"start":{"line":12,"column":12},"end":{"line":12,"column":23}},{"start":{"line":12,"column":27},"end":{"line":12,"column":41}},{"start":{"line":12,"column":45},"end":{"line":12,"column":55}}],"line":12},"2":{"loc":{"start":{"line":16,"column":8},"end":{"line":18,"column":9}},"type":"if","locations":[{"start":{"line":16,"column":8},"end":{"line":18,"column":9}},{"start":{},"end":{}}],"line":16},"3":{"loc":{"start":{"line":20,"column":8},"end":{"line":22,"column":9}},"type":"if","locations":[{"start":{"line":20,"column":8},"end":{"line":22,"column":9}},{"start":{},"end":{}}],"line":20},"4":{"loc":{"start":{"line":24,"column":8},"end":{"line":28,"column":9}},"type":"if","locations":[{"start":{"line":24,"column":8},"end":{"line":28,"column":9}},{"start":{"line":26,"column":15},"end":{"line":28,"column":9}}],"line":24},"5":{"loc":{"start":{"line":32,"column":12},"end":{"line":34,"column":13}},"type":"if","locations":[{"start":{"line":32,"column":12},"end":{"line":34,"column":13}},{"start":{},"end":{}}],"line":32},"6":{"loc":{"start":{"line":49,"column":8},"end":{"line":51,"column":9}},"type":"if","locations":[{"start":{"line":49,"column":8},"end":{"line":51,"column":9}},{"start":{},"end":{}}],"line":49},"7":{"loc":{"start":{"line":49,"column":12},"end":{"line":49,"column":41}},"type":"binary-expr","locations":[{"start":{"line":49,"column":12},"end":{"line":49,"column":23}},{"start":{"line":49,"column":27},"end":{"line":49,"column":41}}],"line":49},"8":{"loc":{"start":{"line":53,"column":8},"end":{"line":55,"column":9}},"type":"if","locations":[{"start":{"line":53,"column":8},"end":{"line":55,"column":9}},{"start":{},"end":{}}],"line":53},"9":{"loc":{"start":{"line":57,"column":8},"end":{"line":59,"column":9}},"type":"if","locations":[{"start":{"line":57,"column":8},"end":{"line":59,"column":9}},{"start":{},"end":{}}],"line":57},"10":{"loc":{"start":{"line":74,"column":8},"end":{"line":76,"column":9}},"type":"if","locations":[{"start":{"line":74,"column":8},"end":{"line":76,"column":9}},{"start":{},"end":{}}],"line":74},"11":{"loc":{"start":{"line":74,"column":12},"end":{"line":74,"column":41}},"type":"binary-expr","locations":[{"start":{"line":74,"column":12},"end":{"line":74,"column":23}},{"start":{"line":74,"column":27},"end":{"line":74,"column":41}}],"line":74},"12":{"loc":{"start":{"line":78,"column":8},"end":{"line":80,"column":9}},"type":"if","locations":[{"start":{"line":78,"column":8},"end":{"line":80,"column":9}},{"start":{},"end":{}}],"line":78},"13":{"loc":{"start":{"line":82,"column":8},"end":{"line":84,"column":9}},"type":"if","locations":[{"start":{"line":82,"column":8},"end":{"line":84,"column":9}},{"start":{},"end":{}}],"line":82},"14":{"loc":{"start":{"line":101,"column":8},"end":{"line":103,"column":9}},"type":"if","locations":[{"start":{"line":101,"column":8},"end":{"line":103,"column":9}},{"start":{},"end":{}}],"line":101},"15":{"loc":{"start":{"line":105,"column":8},"end":{"line":107,"column":9}},"type":"if","locations":[{"start":{"line":105,"column":8},"end":{"line":107,"column":9}},{"start":{},"end":{}}],"line":105}},"s":{"0":3,"1":3,"2":3,"3":3,"4":3,"5":3,"6":3,"7":3,"8":0,"9":0,"10":0,"11":0,"12":0,"13":0,"14":0,"15":0,"16":0,"17":0,"18":0,"19":0,"20":0,"21":0,"22":0,"23":0,"24":0,"25":0,"26":0,"27":0,"28":0,"29":0,"30":3,"31":0,"32":0,"33":0,"34":0,"35":0,"36":0,"37":0,"38":0,"39":0,"40":0,"41":0,"42":0,"43":0,"44":0,"45":0,"46":3,"47":0,"48":0,"49":0,"50":0,"51":0,"52":0,"53":0,"54":0,"55":0,"56":0,"57":0,"58":0,"59":0,"60":0,"61":0,"62":0,"63":3,"64":0,"65":0,"66":0,"67":0,"68":0,"69":0,"70":0,"71":0,"72":0,"73":0,"74":3},"f":{"0":0,"1":0,"2":0,"3":0},"b":{"0":[0,0],"1":[0,0,0],"2":[0,0],"3":[0,0],"4":[0,0],"5":[0,0],"6":[0,0],"7":[0,0],"8":[0,0],"9":[0,0],"10":[0,0],"11":[0,0],"12":[0,0],"13":[0,0],"14":[0,0],"15":[0,0]},"_coverageSchema":"1a1c01bbd47fc00a2c39e90264f33305004495a9","hash":"9a87be503195c90ba09d7e26e77fd7816f75ec1a"}
,"/home/emma/Documents/tek4/eip/test_serveur/test/sum.js": {"path":"/home/emma/Documents/tek4/eip/test_serveur/test/sum.js","statementMap":{"0":{"start":{"line":2,"column":4},"end":{"line":2,"column":17}},"1":{"start":{"line":4,"column":0},"end":{"line":4,"column":21}}},"fnMap":{"0":{"name":"sum","decl":{"start":{"line":1,"column":9},"end":{"line":1,"column":12}},"loc":{"start":{"line":1,"column":19},"end":{"line":3,"column":1}},"line":1}},"branchMap":{},"s":{"0":3,"1":3},"f":{"0":3},"b":{},"_coverageSchema":"1a1c01bbd47fc00a2c39e90264f33305004495a9","hash":"01124f33a9f325c0cfc40b5ebc10b0ead8ebce78"}
}
