TN:
SF:index.js
FN:24,(anonymous_0)
FN:29,(anonymous_1)
FN:34,(anonymous_2)
FNF:3
FNH:3
FNDA:11,(anonymous_0)
FNDA:8,(anonymous_1)
FNDA:10,(anonymous_2)
DA:1,9
DA:2,9
DA:3,9
DA:4,9
DA:5,9
DA:6,9
DA:8,9
DA:11,9
DA:12,0
DA:16,9
DA:17,9
DA:19,9
DA:20,9
DA:23,9
DA:25,11
DA:26,2
DA:28,9
DA:29,9
DA:30,8
DA:32,9
DA:35,10
LF:21
LH:20
BRDA:11,0,0,0
BRDA:11,0,1,9
BRDA:25,1,0,2
BRDA:25,1,1,9
BRF:4
BRH:3
end_of_record
TN:
SF:src/api/index.js
FNF:0
FNH:0
DA:1,9
DA:2,9
DA:3,9
DA:4,9
DA:5,9
DA:6,9
DA:8,9
DA:9,9
DA:10,9
LF:9
LH:9
BRF:0
BRH:0
end_of_record
TN:
SF:src/api/db/user.js
FN:8,(anonymous_0)
FN:39,(anonymous_1)
FN:47,(anonymous_2)
FN:68,(anonymous_3)
FN:86,(anonymous_4)
FN:104,(anonymous_5)
FN:123,(anonymous_6)
FN:143,(anonymous_7)
FN:178,(anonymous_8)
FNF:9
FNH:9
FNDA:32,(anonymous_0)
FNDA:23,(anonymous_1)
FNDA:19,(anonymous_2)
FNDA:7,(anonymous_3)
FNDA:6,(anonymous_4)
FNDA:4,(anonymous_5)
FNDA:26,(anonymous_6)
FNDA:4,(anonymous_7)
FNDA:4,(anonymous_8)
DA:1,9
DA:2,9
DA:3,9
DA:4,9
DA:5,9
DA:6,9
DA:8,9
DA:9,32
DA:10,32
DA:11,32
DA:12,6
DA:16,26
DA:17,26
DA:18,26
DA:19,1
DA:21,25
DA:22,1
DA:24,24
DA:25,24
DA:26,23
DA:32,1
DA:35,1
DA:39,9
DA:40,23
DA:41,23
DA:42,23
DA:43,4
DA:47,19
DA:48,19
DA:49,1
DA:50,18
DA:51,1
DA:53,17
DA:61,0
DA:64,0
DA:68,9
DA:69,7
DA:70,7
DA:71,7
DA:72,2
DA:74,5
DA:75,5
DA:76,2
DA:78,3
DA:81,0
DA:82,0
DA:86,9
DA:87,6
DA:88,6
DA:89,6
DA:90,2
DA:92,4
DA:93,4
DA:94,2
DA:96,2
DA:99,0
DA:100,0
DA:104,9
DA:105,4
DA:106,4
DA:107,4
DA:108,2
DA:110,2
DA:111,2
DA:112,1
DA:113,1
DA:115,1
DA:118,0
DA:119,0
DA:123,9
DA:124,26
DA:125,26
DA:126,26
DA:127,2
DA:129,24
DA:130,24
DA:131,23
DA:132,23
DA:133,23
DA:135,1
DA:138,0
DA:139,0
DA:143,9
DA:144,4
DA:148,4
DA:149,4
DA:150,2
DA:152,2
DA:153,2
DA:154,1
DA:160,1
DA:161,0
DA:163,1
DA:164,0
DA:166,1
DA:167,10
DA:169,1
DA:171,1
DA:174,0
DA:178,9
DA:179,4
DA:180,4
DA:181,4
DA:182,2
DA:184,2
DA:185,2
DA:186,1
DA:187,1
DA:188,1
DA:189,1
DA:191,1
DA:193,1
DA:196,0
DA:200,9
LF:114
LH:100
BRDA:11,0,0,6
BRDA:11,0,1,26
BRDA:11,1,0,32
BRDA:11,1,1,30
BRDA:11,1,2,28
BRDA:18,2,0,1
BRDA:18,2,1,25
BRDA:21,3,0,1
BRDA:21,3,1,24
BRDA:42,4,0,4
BRDA:42,4,1,19
BRDA:42,5,0,23
BRDA:42,5,1,21
BRDA:48,6,0,1
BRDA:48,6,1,18
BRDA:50,7,0,1
BRDA:50,7,1,17
BRDA:71,8,0,2
BRDA:71,8,1,5
BRDA:75,9,0,2
BRDA:75,9,1,3
BRDA:89,10,0,2
BRDA:89,10,1,4
BRDA:93,11,0,2
BRDA:93,11,1,2
BRDA:107,12,0,2
BRDA:107,12,1,2
BRDA:111,13,0,1
BRDA:111,13,1,1
BRDA:126,14,0,2
BRDA:126,14,1,24
BRDA:130,15,0,23
BRDA:130,15,1,1
BRDA:149,16,0,2
BRDA:149,16,1,2
BRDA:153,17,0,1
BRDA:153,17,1,1
BRDA:160,18,0,0
BRDA:160,18,1,1
BRDA:160,19,0,1
BRDA:160,19,1,0
BRDA:163,20,0,0
BRDA:163,20,1,1
BRDA:163,21,0,1
BRDA:163,21,1,0
BRDA:181,22,0,2
BRDA:181,22,1,2
BRDA:185,23,0,1
BRDA:185,23,1,1
BRF:49
BRH:45
end_of_record
TN:
SF:src/api/externalApi/facebook.js
FN:12,get_code
FN:25,(anonymous_1)
FN:29,getAccessToken
FN:46,(anonymous_3)
FN:72,(anonymous_4)
FNF:5
FNH:3
FNDA:2,get_code
FNDA:2,(anonymous_1)
FNDA:0,getAccessToken
FNDA:3,(anonymous_3)
FNDA:0,(anonymous_4)
DA:1,9
DA:2,9
DA:3,9
DA:4,9
DA:5,9
DA:6,9
DA:7,9
DA:8,9
DA:9,9
DA:10,9
DA:13,2
DA:14,2
DA:25,9
DA:26,2
DA:30,0
DA:31,0
DA:43,0
DA:46,9
DA:47,3
DA:48,3
DA:49,3
DA:50,3
DA:54,0
DA:55,0
DA:63,0
DA:64,0
DA:65,0
DA:66,0
DA:72,0
DA:73,0
DA:74,0
DA:75,0
DA:82,0
DA:83,0
DA:89,9
LF:35
LH:20
BRDA:49,0,0,3
BRDA:49,0,1,0
BRDA:64,1,0,0
BRDA:64,1,1,0
BRF:4
BRH:1
end_of_record
TN:
SF:src/api/externalApi/google.js
FN:12,getGoogleAuthURL
FN:30,(anonymous_1)
FN:34,getLoginTokens
FN:52,(anonymous_3)
FN:79,(anonymous_4)
FNF:5
FNH:3
FNDA:2,getGoogleAuthURL
FNDA:2,(anonymous_1)
FNDA:0,getLoginTokens
FNDA:4,(anonymous_3)
FNDA:0,(anonymous_4)
DA:1,9
DA:2,9
DA:3,9
DA:4,9
DA:5,9
DA:6,9
DA:7,9
DA:8,9
DA:9,9
DA:10,9
DA:13,2
DA:14,2
DA:30,9
DA:31,2
DA:35,0
DA:36,0
DA:43,0
DA:49,0
DA:52,9
DA:53,4
DA:54,4
DA:55,4
DA:56,4
DA:60,0
DA:61,0
DA:70,0
DA:71,0
DA:72,0
DA:73,0
DA:79,0
DA:80,0
DA:81,0
DA:82,0
DA:89,0
DA:90,0
DA:96,9
LF:36
LH:20
BRDA:55,0,0,4
BRDA:55,0,1,0
BRDA:71,1,0,0
BRDA:71,1,1,0
BRF:4
BRH:1
end_of_record
TN:
SF:src/api/externalApi/oauth.js
FNF:0
FNH:0
DA:1,9
DA:2,9
DA:3,9
DA:4,9
DA:6,9
DA:7,9
DA:8,9
LF:7
LH:7
BRF:0
BRH:0
end_of_record
TN:
SF:src/middleware/security.js
FN:4,(anonymous_0)
FN:11,(anonymous_1)
FNF:2
FNH:0
FNDA:0,(anonymous_0)
FNDA:0,(anonymous_1)
DA:1,9
DA:2,9
DA:4,9
DA:5,0
DA:6,0
DA:7,0
DA:10,0
DA:11,0
DA:12,0
DA:13,0
DA:15,0
DA:16,0
DA:20,0
LF:13
LH:3
BRDA:5,0,0,0
BRDA:5,0,1,0
BRDA:6,1,0,0
BRDA:6,1,1,0
BRDA:6,2,0,0
BRDA:6,2,1,0
BRDA:10,3,0,0
BRDA:10,3,1,0
BRDA:12,4,0,0
BRDA:12,4,1,0
BRF:10
BRH:0
end_of_record
TN:
SF:src/persistence/calendar.js
FN:6,(anonymous_0)
FNF:1
FNH:1
FNDA:5,(anonymous_0)
DA:1,10
DA:2,10
DA:3,10
DA:5,10
DA:7,5
DA:8,5
DA:9,5
DA:10,3
DA:12,5
DA:15,5
DA:17,1
DA:18,1
LF:12
LH:12
BRDA:9,0,0,3
BRDA:9,0,1,2
BRF:2
BRH:2
end_of_record
TN:
SF:src/persistence/db.js
FNF:0
FNH:0
DA:1,19
DA:3,19
LF:2
LH:2
BRF:0
BRH:0
end_of_record
TN:
SF:src/persistence/init-db.js
FN:5,(anonymous_0)
FNF:1
FNH:1
FNDA:11,(anonymous_0)
DA:1,10
DA:2,10
DA:4,10
DA:6,11
DA:20,11
DA:28,11
DA:37,11
DA:47,11
DA:60,11
DA:66,11
DA:74,11
DA:80,11
DA:91,11
DA:100,11
LF:14
LH:14
BRF:0
BRH:0
end_of_record
TN:
SF:src/persistence/process.js
FN:5,(anonymous_0)
FN:19,(anonymous_1)
FN:29,(anonymous_2)
FN:35,(anonymous_3)
FN:41,(anonymous_4)
FNF:5
FNH:5
FNDA:31,(anonymous_0)
FNDA:32,(anonymous_1)
FNDA:111,(anonymous_2)
FNDA:5,(anonymous_3)
FNDA:2,(anonymous_4)
DA:1,11
DA:2,11
DA:4,11
DA:6,31
DA:7,31
DA:12,30
DA:13,30
DA:15,1
DA:16,1
DA:20,32
DA:21,32
DA:23,32
DA:25,1
DA:26,1
DA:30,111
DA:33,111
DA:36,5
DA:39,5
DA:42,2
DA:45,2
LF:20
LH:20
BRDA:5,0,0,7
BRDA:5,1,0,9
BRF:2
BRH:2
end_of_record
TN:
SF:src/persistence/processProposal.js
FN:5,(anonymous_0)
FN:20,(anonymous_1)
FN:31,(anonymous_2)
FN:42,(anonymous_3)
FNF:4
FNH:4
FNDA:10,(anonymous_0)
FNDA:3,(anonymous_1)
FNDA:6,(anonymous_2)
FNDA:8,(anonymous_3)
DA:1,10
DA:2,10
DA:4,10
DA:6,10
DA:7,10
DA:8,10
DA:13,6
DA:14,6
DA:16,4
DA:17,4
DA:21,3
DA:22,3
DA:25,2
DA:27,1
DA:28,1
DA:32,6
DA:33,6
DA:36,6
DA:38,1
DA:39,1
DA:43,8
DA:44,8
DA:46,8
DA:48,1
DA:49,1
LF:25
LH:25
BRF:0
BRH:0
end_of_record
TN:
SF:src/persistence/step.js
FN:5,(anonymous_0)
FN:19,(anonymous_1)
FN:29,(anonymous_2)
FN:35,(anonymous_3)
FNF:4
FNH:4
FNDA:27,(anonymous_0)
FNDA:39,(anonymous_1)
FNDA:3,(anonymous_2)
FNDA:22,(anonymous_3)
DA:1,11
DA:2,11
DA:4,11
DA:6,27
DA:7,27
DA:12,20
DA:13,20
DA:15,7
DA:16,7
DA:20,39
DA:21,39
DA:23,38
DA:25,1
DA:26,1
DA:30,3
DA:33,3
DA:36,22
DA:39,22
LF:18
LH:18
BRDA:5,0,0,7
BRDA:5,1,0,8
BRF:2
BRH:2
end_of_record
TN:
SF:src/persistence/tokens.js
FN:4,(anonymous_0)
FN:11,(anonymous_1)
FN:13,(anonymous_2)
FN:20,(anonymous_3)
FN:25,(anonymous_4)
FNF:5
FNH:0
FNDA:0,(anonymous_0)
FNDA:0,(anonymous_1)
FNDA:0,(anonymous_2)
FNDA:0,(anonymous_3)
FNDA:0,(anonymous_4)
DA:1,9
DA:3,9
DA:5,0
DA:7,0
DA:8,0
DA:10,0
DA:11,0
DA:12,0
DA:16,0
DA:17,0
DA:21,0
DA:22,0
DA:23,0
DA:26,0
DA:27,0
DA:28,0
DA:29,0
DA:30,0
DA:31,0
LF:19
LH:2
BRDA:7,0,0,0
BRDA:7,0,1,0
BRF:2
BRH:0
end_of_record
TN:
SF:src/persistence/userProcess.js
FN:6,(anonymous_0)
FN:21,(anonymous_1)
FN:51,(anonymous_2)
FN:61,(anonymous_3)
FN:67,(anonymous_4)
FN:73,(anonymous_5)
FNF:6
FNH:6
FNDA:12,(anonymous_0)
FNDA:5,(anonymous_1)
FNDA:11,(anonymous_2)
FNDA:22,(anonymous_3)
FNDA:7,(anonymous_4)
FNDA:2,(anonymous_5)
DA:1,10
DA:2,10
DA:3,10
DA:5,10
DA:7,12
DA:8,12
DA:9,12
DA:14,12
DA:15,11
DA:17,1
DA:18,1
DA:22,5
DA:23,5
DA:24,4
DA:25,2
DA:26,2
DA:27,2
DA:28,1
DA:29,1
DA:30,1
DA:31,1
DA:32,1
DA:33,1
DA:34,1
DA:35,1
DA:37,2
DA:38,2
DA:42,2
DA:43,2
DA:45,2
DA:47,1
DA:48,1
DA:52,11
DA:53,11
DA:55,11
DA:57,1
DA:58,1
DA:62,22
DA:65,22
DA:68,7
DA:71,7
DA:74,2
DA:77,2
LF:43
LH:43
BRDA:24,0,0,2
BRDA:24,0,1,2
BRDA:27,1,0,1
BRDA:27,1,1,1
BRF:4
BRH:4
end_of_record
TN:
SF:src/persistence/userSettings.js
FN:5,(anonymous_0)
FN:19,(anonymous_1)
FN:30,(anonymous_2)
FN:36,(anonymous_3)
FNF:4
FNH:4
FNDA:26,(anonymous_0)
FNDA:25,(anonymous_1)
FNDA:2,(anonymous_2)
FNDA:5,(anonymous_3)
DA:1,10
DA:2,10
DA:4,10
DA:6,26
DA:7,26
DA:12,25
DA:13,24
DA:15,2
DA:16,2
DA:20,25
DA:21,25
DA:23,25
DA:26,1
DA:27,1
DA:31,2
DA:34,2
DA:37,5
DA:38,5
DA:39,1
DA:41,4
DA:42,3
DA:44,3
DA:46,1
DA:48,1
DA:49,1
LF:25
LH:25
BRDA:38,0,0,1
BRDA:38,0,1,4
BRDA:41,1,0,3
BRDA:41,1,1,1
BRF:4
BRH:4
end_of_record
TN:
SF:src/persistence/userStep.js
FN:6,(anonymous_0)
FN:36,(anonymous_1)
FN:48,(anonymous_2)
FN:58,(anonymous_3)
FN:64,(anonymous_4)
FN:70,(anonymous_5)
FN:76,(anonymous_6)
FN:82,(anonymous_7)
FNF:8
FNH:8
FNDA:13,(anonymous_0)
FNDA:5,(anonymous_1)
FNDA:11,(anonymous_2)
FNDA:1,(anonymous_3)
FNDA:1,(anonymous_4)
FNDA:1,(anonymous_5)
FNDA:2,(anonymous_6)
FNDA:2,(anonymous_7)
DA:1,10
DA:2,10
DA:3,10
DA:5,10
DA:7,13
DA:8,13
DA:9,13
DA:10,13
DA:11,13
DA:12,12
DA:13,10
DA:14,10
DA:15,10
DA:16,10
DA:17,10
DA:18,10
DA:19,10
DA:20,10
DA:22,12
DA:27,12
DA:28,11
DA:30,1
DA:32,1
DA:33,1
DA:37,5
DA:38,5
DA:41,5
DA:42,4
DA:44,1
DA:45,1
DA:49,11
DA:50,11
DA:52,10
DA:54,1
DA:55,1
DA:59,1
DA:62,1
DA:65,1
DA:68,1
DA:71,1
DA:74,1
DA:77,2
DA:80,2
DA:83,2
DA:86,2
LF:45
LH:45
BRDA:11,0,0,12
BRDA:11,0,1,1
BRDA:12,1,0,10
BRDA:12,1,1,2
BRF:4
BRH:4
end_of_record
TN:
SF:src/persistence/users.js
FN:6,(anonymous_0)
FN:24,(anonymous_1)
FN:30,(anonymous_2)
FN:36,(anonymous_3)
FN:45,(anonymous_4)
FN:54,(anonymous_5)
FN:64,(anonymous_6)
FNF:7
FNH:7
FNDA:27,(anonymous_0)
FNDA:99,(anonymous_1)
FNDA:32,(anonymous_2)
FNDA:19,(anonymous_3)
FNDA:18,(anonymous_4)
FNDA:26,(anonymous_5)
FNDA:21,(anonymous_6)
DA:1,10
DA:2,10
DA:3,10
DA:5,10
DA:7,27
DA:8,27
DA:9,27
DA:14,27
DA:15,26
DA:17,1
DA:18,0
DA:20,1
DA:21,1
DA:25,99
DA:28,99
DA:31,32
DA:34,32
DA:37,19
DA:42,19
DA:43,1
DA:45,18
DA:46,18
DA:47,17
DA:49,1
DA:55,26
DA:56,26
DA:58,25
DA:60,2
DA:61,2
DA:65,21
DA:66,21
DA:67,7
DA:69,14
DA:70,2
DA:72,2
DA:74,12
DA:75,1
DA:77,1
DA:79,11
DA:80,2
DA:82,2
DA:84,9
DA:85,1
DA:87,1
DA:89,8
DA:90,1
DA:92,1
DA:94,7
DA:95,1
DA:97,1
DA:99,6
DA:100,1
DA:102,1
DA:104,5
DA:105,1
DA:107,1
DA:109,4
DA:110,1
DA:112,1
DA:114,3
DA:115,3
DA:116,3
DA:118,3
DA:121,1
LF:64
LH:63
BRDA:6,0,0,1
BRDA:17,1,0,0
BRDA:17,1,1,1
BRDA:42,2,0,1
BRDA:42,2,1,18
BRDA:46,3,0,17
BRDA:46,3,1,1
BRDA:66,4,0,7
BRDA:66,4,1,14
BRDA:69,5,0,2
BRDA:69,5,1,12
BRDA:74,6,0,1
BRDA:74,6,1,11
BRDA:79,7,0,2
BRDA:79,7,1,9
BRDA:84,8,0,1
BRDA:84,8,1,8
BRDA:89,9,0,1
BRDA:89,9,1,7
BRDA:94,10,0,1
BRDA:94,10,1,6
BRDA:99,11,0,1
BRDA:99,11,1,5
BRDA:104,12,0,1
BRDA:104,12,1,4
BRDA:109,13,0,1
BRDA:109,13,1,3
BRDA:114,14,0,3
BRDA:114,14,1,0
BRF:29
BRH:27
end_of_record
TN:
SF:src/process/calendar.js
FN:13,(anonymous_0)
FN:42,getMeeting
FN:69,(anonymous_2)
FN:91,(anonymous_3)
FNF:4
FNH:4
FNDA:29,(anonymous_0)
FNDA:1,getMeeting
FNDA:4,(anonymous_2)
FNDA:6,(anonymous_3)
DA:1,9
DA:2,9
DA:3,9
DA:4,9
DA:5,9
DA:6,9
DA:7,9
DA:8,9
DA:9,9
DA:11,9
DA:13,9
DA:14,29
DA:15,29
DA:16,29
DA:20,29
DA:21,6
DA:23,23
DA:24,20
DA:26,3
DA:27,3
DA:28,2
DA:30,1
DA:31,1
DA:32,0
DA:34,1
DA:35,1
DA:37,0
DA:38,0
DA:43,1
DA:44,1
DA:45,1
DA:46,1
DA:47,1
DA:48,0
DA:50,1
DA:51,0
DA:52,0
DA:53,0
DA:55,0
DA:66,1
DA:69,9
DA:70,4
DA:71,4
DA:72,4
DA:73,2
DA:75,2
DA:76,2
DA:77,1
DA:79,1
DA:80,1
DA:81,0
DA:83,1
DA:84,1
DA:86,0
DA:87,0
DA:91,9
DA:92,6
DA:93,6
DA:94,6
DA:95,4
DA:97,2
DA:98,2
DA:99,2
DA:101,0
DA:102,0
DA:103,0
DA:105,0
DA:106,0
DA:108,0
DA:109,0
DA:113,9
LF:71
LH:53
BRDA:20,0,0,6
BRDA:20,0,1,23
BRDA:20,1,0,29
BRDA:20,1,1,27
BRDA:20,1,2,25
BRDA:23,2,0,20
BRDA:23,2,1,3
BRDA:27,3,0,2
BRDA:27,3,1,1
BRDA:31,4,0,0
BRDA:31,4,1,1
BRDA:47,5,0,0
BRDA:47,5,1,1
BRDA:47,6,0,1
BRDA:47,6,1,1
BRDA:52,7,0,0
BRDA:52,7,1,0
BRDA:72,8,0,2
BRDA:72,8,1,2
BRDA:76,9,0,1
BRDA:76,9,1,1
BRDA:80,10,0,0
BRDA:80,10,1,1
BRDA:94,11,0,4
BRDA:94,11,1,2
BRDA:94,12,0,6
BRDA:94,12,1,3
BRDA:98,13,0,2
BRDA:98,13,1,0
BRDA:102,14,0,0
BRDA:102,14,1,0
BRF:31
BRH:23
end_of_record
TN:
SF:src/process/index.js
FNF:0
FNH:0
DA:1,9
DA:2,9
DA:3,9
DA:4,9
DA:5,9
DA:6,9
DA:7,9
DA:8,9
DA:9,9
DA:11,9
DA:12,9
DA:13,9
DA:14,9
DA:15,9
DA:16,9
DA:18,9
LF:16
LH:16
BRF:0
BRH:0
end_of_record
TN:
SF:src/process/process.js
FN:6,(anonymous_0)
FN:26,(anonymous_1)
FN:50,(anonymous_2)
FNF:3
FNH:3
FNDA:27,(anonymous_0)
FNDA:26,(anonymous_1)
FNDA:1,(anonymous_2)
DA:1,9
DA:2,9
DA:3,9
DA:4,9
DA:6,9
DA:7,27
DA:8,27
DA:9,27
DA:10,4
DA:12,23
DA:13,23
DA:14,1
DA:16,22
DA:17,22
DA:22,0
DA:23,0
DA:26,9
DA:27,26
DA:28,26
DA:29,26
DA:30,2
DA:32,24
DA:33,24
DA:34,2
DA:36,22
DA:37,22
DA:38,0
DA:40,22
DA:41,22
DA:46,0
DA:47,0
DA:50,9
DA:51,1
DA:52,1
DA:53,1
DA:57,0
DA:58,0
DA:62,9
LF:38
LH:31
BRDA:9,0,0,4
BRDA:9,0,1,23
BRDA:9,1,0,27
BRDA:9,1,1,25
BRDA:13,2,0,1
BRDA:13,2,1,22
BRDA:29,3,0,2
BRDA:29,3,1,24
BRDA:33,4,0,2
BRDA:33,4,1,22
BRDA:37,5,0,0
BRDA:37,5,1,22
BRF:12
BRH:11
end_of_record
TN:
SF:src/process/processProposal.js
FN:6,(anonymous_0)
FN:25,(anonymous_1)
FN:34,(anonymous_2)
FNF:3
FNH:3
FNDA:12,(anonymous_0)
FNDA:1,(anonymous_1)
FNDA:6,(anonymous_2)
DA:1,9
DA:2,9
DA:3,9
DA:4,9
DA:6,9
DA:7,12
DA:8,12
DA:9,12
DA:10,8
DA:12,4
DA:13,4
DA:14,1
DA:16,3
DA:17,3
DA:18,3
DA:21,0
DA:22,0
DA:25,9
DA:26,1
DA:27,1
DA:28,1
DA:30,0
DA:31,0
DA:34,9
DA:35,6
DA:36,6
DA:37,6
DA:38,2
DA:40,4
DA:41,4
DA:42,1
DA:44,3
DA:45,3
DA:47,0
DA:48,0
DA:52,9
LF:36
LH:30
BRDA:9,0,0,8
BRDA:9,0,1,4
BRDA:9,1,0,12
BRDA:9,1,1,10
BRDA:9,1,2,8
BRDA:9,1,3,6
BRDA:13,2,0,1
BRDA:13,2,1,3
BRDA:17,3,0,3
BRDA:17,3,1,0
BRDA:37,4,0,2
BRDA:37,4,1,4
BRDA:41,5,0,1
BRDA:41,5,1,3
BRF:14
BRH:13
end_of_record
TN:
SF:src/process/questions.js
FN:6,(anonymous_0)
FNF:1
FNH:1
FNDA:5,(anonymous_0)
DA:1,9
DA:2,9
DA:3,9
DA:4,9
DA:6,9
DA:7,5
DA:8,5
DA:9,5
DA:10,2
DA:12,3
DA:13,3
DA:14,1
DA:16,2
DA:17,2
DA:18,1
DA:20,1
DA:21,1
DA:22,1
DA:24,1
DA:26,0
DA:27,0
DA:31,9
LF:22
LH:20
BRDA:9,0,0,2
BRDA:9,0,1,3
BRDA:13,1,0,1
BRDA:13,1,1,2
BRDA:17,2,0,1
BRDA:17,2,1,1
BRDA:17,3,0,2
BRDA:17,3,1,2
BRF:8
BRH:8
end_of_record
TN:
SF:src/process/step.js
FN:6,(anonymous_0)
FN:26,(anonymous_1)
FNF:2
FNH:2
FNDA:29,(anonymous_0)
FNDA:17,(anonymous_1)
DA:1,9
DA:2,9
DA:3,9
DA:4,9
DA:6,9
DA:7,29
DA:8,29
DA:9,29
DA:10,10
DA:12,19
DA:13,19
DA:14,1
DA:16,18
DA:17,18
DA:22,0
DA:23,0
DA:26,9
DA:27,17
DA:28,17
DA:29,17
DA:30,2
DA:32,15
DA:33,15
DA:34,1
DA:36,14
DA:37,14
DA:42,0
DA:43,0
DA:47,9
LF:29
LH:25
BRDA:9,0,0,10
BRDA:9,0,1,19
BRDA:9,1,0,29
BRDA:9,1,1,27
BRDA:9,1,2,25
BRDA:9,1,3,23
BRDA:9,1,4,21
BRDA:13,2,0,1
BRDA:13,2,1,18
BRDA:29,3,0,2
BRDA:29,3,1,15
BRDA:33,4,0,1
BRDA:33,4,1,14
BRF:13
BRH:13
end_of_record
TN:
SF:src/process/userProcess.js
FN:9,(anonymous_0)
FN:46,(anonymous_1)
FN:81,(anonymous_2)
FN:108,getPercentage
FN:116,(anonymous_4)
FN:146,(anonymous_5)
FN:168,(anonymous_6)
FNF:7
FNH:6
FNDA:18,(anonymous_0)
FNDA:11,(anonymous_1)
FNDA:14,(anonymous_2)
FNDA:0,getPercentage
FNDA:7,(anonymous_4)
FNDA:3,(anonymous_5)
FNDA:3,(anonymous_6)
DA:1,9
DA:2,9
DA:3,9
DA:4,9
DA:5,9
DA:6,9
DA:7,9
DA:9,9
DA:10,18
DA:11,18
DA:12,18
DA:13,6
DA:15,12
DA:16,12
DA:17,1
DA:19,11
DA:20,11
DA:21,1
DA:23,10
DA:24,10
DA:25,10
DA:27,0
DA:29,10
DA:30,10
DA:31,10
DA:32,10
DA:33,1
DA:35,9
DA:37,9
DA:42,0
DA:43,0
DA:46,9
DA:47,11
DA:48,11
DA:49,11
DA:50,6
DA:52,5
DA:53,5
DA:54,1
DA:56,4
DA:57,4
DA:58,2
DA:60,2
DA:61,2
DA:62,1
DA:64,1
DA:65,0
DA:67,1
DA:68,1
DA:69,1
DA:70,1
DA:72,1
DA:77,0
DA:78,0
DA:81,9
DA:82,14
DA:83,14
DA:84,14
DA:85,4
DA:87,10
DA:88,10
DA:89,1
DA:91,9
DA:92,9
DA:93,0
DA:95,9
DA:96,9
DA:97,9
DA:98,9
DA:103,0
DA:104,0
DA:109,0
DA:110,0
DA:111,0
DA:112,0
DA:113,0
DA:116,9
DA:117,7
DA:118,7
DA:119,7
DA:120,5
DA:122,2
DA:123,2
DA:124,1
DA:126,1
DA:127,1
DA:128,1
DA:130,0
DA:131,0
DA:132,0
DA:134,0
DA:135,0
DA:136,0
DA:142,0
DA:143,0
DA:146,9
DA:147,3
DA:148,3
DA:149,3
DA:150,2
DA:152,1
DA:153,1
DA:154,1
DA:156,0
DA:157,0
DA:158,0
DA:164,0
DA:165,0
DA:168,9
DA:169,3
DA:170,3
DA:171,3
DA:172,2
DA:174,1
DA:175,1
DA:176,1
DA:178,0
DA:179,0
DA:180,0
DA:181,0
DA:182,0
DA:187,0
DA:192,0
DA:193,0
DA:197,9
LF:125
LH:90
BRDA:12,0,0,6
BRDA:12,0,1,12
BRDA:12,1,0,18
BRDA:12,1,1,16
BRDA:12,1,2,14
BRDA:16,2,0,1
BRDA:16,2,1,11
BRDA:20,3,0,1
BRDA:20,3,1,10
BRDA:24,4,0,10
BRDA:24,4,1,0
BRDA:32,5,0,1
BRDA:32,5,1,9
BRDA:49,6,0,6
BRDA:49,6,1,5
BRDA:49,7,0,11
BRDA:49,7,1,9
BRDA:49,7,2,7
BRDA:53,8,0,1
BRDA:53,8,1,4
BRDA:57,9,0,2
BRDA:57,9,1,2
BRDA:61,10,0,1
BRDA:61,10,1,1
BRDA:64,11,0,0
BRDA:64,11,1,1
BRDA:69,12,0,1
BRDA:69,12,1,0
BRDA:84,13,0,4
BRDA:84,13,1,10
BRDA:84,14,0,14
BRDA:84,14,1,12
BRDA:88,15,0,1
BRDA:88,15,1,9
BRDA:92,16,0,0
BRDA:92,16,1,9
BRDA:119,17,0,5
BRDA:119,17,1,2
BRDA:119,18,0,7
BRDA:119,18,1,4
BRDA:123,19,0,1
BRDA:123,19,1,1
BRDA:127,20,0,1
BRDA:127,20,1,0
BRDA:131,21,0,0
BRDA:131,21,1,0
BRDA:149,22,0,2
BRDA:149,22,1,1
BRDA:153,23,0,1
BRDA:153,23,1,0
BRDA:171,24,0,2
BRDA:171,24,1,1
BRDA:175,25,0,1
BRDA:175,25,1,0
BRF:54
BRH:45
end_of_record
