TN:
SF:index.js
FN:27,(anonymous_0)
FN:33,(anonymous_1)
FN:38,(anonymous_2)
FNF:3
FNH:3
FNDA:15,(anonymous_0)
FNDA:12,(anonymous_1)
FNDA:15,(anonymous_2)
DA:1,13
DA:2,13
DA:3,13
DA:4,13
DA:5,13
DA:6,13
DA:8,13
DA:11,13
DA:12,0
DA:16,13
DA:17,13
DA:20,13
DA:21,13
DA:23,13
DA:26,13
DA:28,15
DA:29,15
DA:30,2
DA:32,13
DA:33,13
DA:34,12
DA:36,13
DA:39,15
DA:40,15
LF:24
LH:23
BRDA:11,0,0,0
BRDA:11,0,1,13
BRDA:16,1,0,13
BRDA:16,1,1,0
BRDA:29,2,0,2
BRDA:29,2,1,13
BRDA:39,3,0,15
BRDA:39,3,1,0
BRF:8
BRH:5
end_of_record
TN:
SF:src/tools.js
FN:24,(anonymous_0)
FN:43,(anonymous_1)
FN:51,(anonymous_2)
FN:58,(anonymous_3)
FNF:4
FNH:4
FNDA:8,(anonymous_0)
FNDA:4,(anonymous_1)
FNDA:29,(anonymous_2)
FNDA:11,(anonymous_3)
DA:1,14
DA:3,14
DA:25,8
DA:27,8
DA:28,7
DA:29,7
DA:30,1
DA:41,8
DA:44,4
DA:45,4
DA:46,4
DA:47,4
DA:49,4
DA:52,29
DA:53,29
DA:55,10
DA:59,11
DA:60,9
DA:61,11
DA:62,3
DA:63,8
LF:21
LH:21
BRDA:27,0,0,7
BRDA:27,0,1,1
BRDA:29,1,0,1
BRDA:29,1,1,6
BRDA:59,2,0,9
BRDA:59,2,1,2
BRDA:61,3,0,3
BRDA:61,3,1,8
BRDA:61,4,0,11
BRDA:61,4,1,9
BRDA:61,4,2,9
BRDA:61,4,3,9
BRDA:61,4,4,9
BRF:13
BRH:13
end_of_record
TN:
SF:src/persistence/db.js
FNF:0
FNH:0
DA:1,25
DA:3,25
LF:2
LH:2
BRF:0
BRH:0
end_of_record
TN:
SF:src/persistence/init-db.js
FN:5,(anonymous_0)
FNF:1
FNH:1
FNDA:29,(anonymous_0)
DA:1,25
DA:2,25
DA:4,25
DA:6,29
DA:7,29
DA:24,28
DA:32,28
DA:41,28
DA:46,28
DA:55,28
DA:60,28
DA:66,28
DA:74,28
DA:78,28
DA:82,28
DA:93,28
DA:103,1
LF:17
LH:17
BRF:0
BRH:0
end_of_record
TN:
SF:src/persistence/process/process.js
FN:5,(anonymous_0)
FN:19,(anonymous_1)
FN:32,(anonymous_2)
FN:42,(anonymous_3)
FN:48,(anonymous_4)
FN:54,(anonymous_5)
FNF:6
FNH:6
FNDA:8,(anonymous_0)
FNDA:4,(anonymous_1)
FNDA:9,(anonymous_2)
FNDA:2,(anonymous_3)
FNDA:1,(anonymous_4)
FNDA:1,(anonymous_5)
DA:1,16
DA:2,16
DA:4,16
DA:6,8
DA:7,8
DA:12,7
DA:13,7
DA:15,1
DA:16,1
DA:20,4
DA:21,4
DA:25,2
DA:26,2
DA:28,2
DA:29,2
DA:33,9
DA:34,9
DA:36,9
DA:38,1
DA:39,1
DA:43,2
DA:46,2
DA:49,1
DA:52,1
DA:55,1
DA:58,1
LF:26
LH:26
BRDA:5,0,0,8
BRDA:5,1,0,8
BRDA:19,2,0,1
BRF:3
BRH:3
end_of_record
TN:
SF:src/persistence/process/step.js
FN:5,(anonymous_0)
FN:19,(anonymous_1)
FN:33,(anonymous_2)
FN:43,(anonymous_3)
FN:53,(anonymous_4)
FN:59,(anonymous_5)
FNF:6
FNH:6
FNDA:5,(anonymous_0)
FNDA:2,(anonymous_1)
FNDA:2,(anonymous_2)
FNDA:3,(anonymous_3)
FNDA:2,(anonymous_4)
FNDA:1,(anonymous_5)
DA:1,15
DA:2,15
DA:4,15
DA:6,5
DA:7,5
DA:12,2
DA:13,2
DA:15,3
DA:16,3
DA:20,2
DA:21,2
DA:26,1
DA:27,1
DA:29,1
DA:30,1
DA:34,2
DA:35,2
DA:37,1
DA:39,1
DA:40,1
DA:44,3
DA:45,3
DA:47,2
DA:49,1
DA:50,1
DA:54,2
DA:57,2
DA:60,1
DA:63,1
LF:29
LH:29
BRDA:5,0,0,2
BRDA:5,1,0,3
BRF:2
BRH:2
end_of_record
TN:
SF:src/persistence/processProposal/processProposal.js
FN:5,(anonymous_0)
FN:20,(anonymous_1)
FN:31,(anonymous_2)
FN:42,(anonymous_3)
FNF:4
FNH:4
FNDA:7,(anonymous_0)
FNDA:2,(anonymous_1)
FNDA:2,(anonymous_2)
FNDA:5,(anonymous_3)
DA:1,14
DA:2,14
DA:4,14
DA:6,7
DA:7,7
DA:8,7
DA:13,3
DA:14,3
DA:16,4
DA:17,4
DA:21,2
DA:22,2
DA:25,1
DA:27,1
DA:28,1
DA:32,2
DA:33,2
DA:36,2
DA:38,1
DA:39,1
DA:43,5
DA:44,5
DA:46,5
DA:48,1
DA:49,1
LF:25
LH:25
BRF:0
BRH:0
end_of_record
TN:
SF:src/persistence/userProcess/calendar.js
FN:6,(anonymous_0)
FNF:1
FNH:1
FNDA:4,(anonymous_0)
DA:1,14
DA:2,14
DA:3,14
DA:5,14
DA:7,4
DA:8,4
DA:9,4
DA:10,2
DA:12,4
DA:15,4
DA:17,1
DA:18,1
LF:12
LH:12
BRDA:9,0,0,2
BRDA:9,0,1,2
BRF:2
BRH:2
end_of_record
TN:
SF:src/persistence/userProcess/userProcess.js
FN:6,(anonymous_0)
FN:21,(anonymous_1)
FN:56,(anonymous_2)
FN:66,(anonymous_3)
FN:76,(anonymous_4)
FN:82,(anonymous_5)
FN:88,(anonymous_6)
FN:94,(anonymous_7)
FNF:8
FNH:8
FNDA:2,(anonymous_0)
FNDA:5,(anonymous_1)
FNDA:2,(anonymous_2)
FNDA:3,(anonymous_3)
FNDA:1,(anonymous_4)
FNDA:1,(anonymous_5)
FNDA:1,(anonymous_6)
FNDA:1,(anonymous_7)
DA:1,14
DA:2,14
DA:3,14
DA:5,14
DA:7,2
DA:8,2
DA:9,2
DA:14,2
DA:15,1
DA:17,1
DA:18,1
DA:22,5
DA:23,5
DA:24,5
DA:25,4
DA:26,4
DA:27,4
DA:28,2
DA:29,2
DA:30,2
DA:31,2
DA:32,2
DA:33,2
DA:34,2
DA:35,2
DA:38,4
DA:39,1
DA:43,3
DA:47,4
DA:48,3
DA:50,1
DA:52,1
DA:53,1
DA:57,2
DA:58,2
DA:60,2
DA:62,1
DA:63,1
DA:67,3
DA:68,3
DA:70,3
DA:72,1
DA:73,1
DA:77,1
DA:80,1
DA:83,1
DA:86,1
DA:89,1
DA:92,1
DA:95,1
DA:98,1
LF:51
LH:51
BRDA:24,0,0,4
BRDA:24,0,1,1
BRDA:27,1,0,2
BRDA:27,1,1,2
BRDA:38,2,0,1
BRDA:38,2,1,3
BRF:6
BRH:6
end_of_record
TN:
SF:src/persistence/userProcess/userStep.js
FN:6,(anonymous_0)
FN:36,(anonymous_1)
FN:48,(anonymous_2)
FN:58,(anonymous_3)
FN:64,(anonymous_4)
FN:70,(anonymous_5)
FN:76,(anonymous_6)
FN:82,(anonymous_7)
FNF:8
FNH:8
FNDA:4,(anonymous_0)
FNDA:6,(anonymous_1)
FNDA:2,(anonymous_2)
FNDA:1,(anonymous_3)
FNDA:1,(anonymous_4)
FNDA:1,(anonymous_5)
FNDA:1,(anonymous_6)
FNDA:1,(anonymous_7)
DA:1,14
DA:2,14
DA:3,14
DA:5,14
DA:7,4
DA:8,4
DA:9,4
DA:10,4
DA:11,3
DA:12,2
DA:13,1
DA:14,1
DA:15,1
DA:16,1
DA:17,1
DA:18,1
DA:19,1
DA:20,1
DA:22,2
DA:27,2
DA:28,2
DA:30,1
DA:32,1
DA:33,1
DA:37,6
DA:38,6
DA:41,6
DA:42,5
DA:44,1
DA:45,1
DA:49,2
DA:50,2
DA:52,1
DA:54,1
DA:55,1
DA:59,1
DA:62,1
DA:65,1
DA:68,1
DA:71,1
DA:74,1
DA:77,1
DA:80,1
DA:83,1
DA:86,1
LF:45
LH:45
BRDA:11,0,0,2
BRDA:11,0,1,1
BRDA:12,1,0,1
BRDA:12,1,1,1
BRF:4
BRH:4
end_of_record
TN:
SF:src/persistence/userProcess/userUnderStep.js
FN:5,(anonymous_0)
FN:19,(anonymous_1)
FN:31,(anonymous_2)
FN:41,(anonymous_3)
FN:47,(anonymous_4)
FNF:5
FNH:5
FNDA:3,(anonymous_0)
FNDA:2,(anonymous_1)
FNDA:3,(anonymous_2)
FNDA:1,(anonymous_3)
FNDA:1,(anonymous_4)
DA:1,14
DA:2,14
DA:4,14
DA:6,3
DA:7,3
DA:12,3
DA:13,2
DA:15,1
DA:16,1
DA:20,2
DA:21,2
DA:24,2
DA:25,1
DA:27,1
DA:28,1
DA:32,3
DA:33,3
DA:35,3
DA:37,1
DA:38,1
DA:42,1
DA:45,1
DA:48,1
DA:51,1
LF:24
LH:24
BRF:0
BRH:0
end_of_record
TN:
SF:src/persistence/users/tokens.js
FN:4,(anonymous_0)
FN:13,(anonymous_1)
FN:18,(anonymous_2)
FNF:3
FNH:3
FNDA:2,(anonymous_0)
FNDA:1,(anonymous_1)
FNDA:1,(anonymous_2)
DA:1,14
DA:3,14
DA:6,2
DA:7,1
DA:9,1
DA:10,2
DA:11,1
DA:14,1
DA:15,1
DA:16,1
DA:19,1
DA:20,1
DA:21,1
DA:22,1
DA:23,1
DA:24,1
LF:16
LH:16
BRDA:6,0,0,1
BRDA:6,0,1,1
BRF:2
BRH:2
end_of_record
TN:
SF:src/persistence/users/userSettings.js
FN:5,(anonymous_0)
FN:19,(anonymous_1)
FN:30,(anonymous_2)
FN:36,(anonymous_3)
FNF:4
FNH:4
FNDA:3,(anonymous_0)
FNDA:2,(anonymous_1)
FNDA:1,(anonymous_2)
FNDA:4,(anonymous_3)
DA:1,14
DA:2,14
DA:4,14
DA:6,3
DA:7,3
DA:12,3
DA:13,2
DA:15,1
DA:16,1
DA:20,2
DA:21,2
DA:23,2
DA:26,1
DA:27,1
DA:31,1
DA:34,1
DA:37,4
DA:38,4
DA:39,1
DA:41,3
DA:42,2
DA:44,2
DA:46,1
DA:48,1
DA:49,1
LF:25
LH:25
BRDA:38,0,0,1
BRDA:38,0,1,3
BRDA:41,1,0,2
BRDA:41,1,1,1
BRF:4
BRH:4
end_of_record
TN:
SF:src/persistence/users/users.js
FN:6,(anonymous_0)
FN:21,(anonymous_1)
FN:32,(anonymous_2)
FN:46,(anonymous_3)
FN:56,(anonymous_4)
FN:62,(anonymous_5)
FN:68,(anonymous_6)
FN:74,(anonymous_7)
FN:83,(anonymous_8)
FN:92,(anonymous_9)
FN:102,(anonymous_10)
FN:163,(anonymous_11)
FN:173,(anonymous_12)
FN:179,(anonymous_13)
FN:189,(anonymous_14)
FNF:15
FNH:15
FNDA:5,(anonymous_0)
FNDA:2,(anonymous_1)
FNDA:3,(anonymous_2)
FNDA:2,(anonymous_3)
FNDA:7,(anonymous_4)
FNDA:6,(anonymous_5)
FNDA:1,(anonymous_6)
FNDA:3,(anonymous_7)
FNDA:2,(anonymous_8)
FNDA:4,(anonymous_9)
FNDA:12,(anonymous_10)
FNDA:3,(anonymous_11)
FNDA:1,(anonymous_12)
FNDA:2,(anonymous_13)
FNDA:2,(anonymous_14)
DA:1,14
DA:2,14
DA:3,14
DA:5,14
DA:7,5
DA:8,5
DA:9,4
DA:14,4
DA:15,4
DA:17,1
DA:18,1
DA:22,2
DA:23,2
DA:26,1
DA:28,1
DA:29,1
DA:33,3
DA:34,3
DA:37,2
DA:38,1
DA:40,1
DA:42,1
DA:43,1
DA:47,2
DA:48,2
DA:50,1
DA:52,1
DA:53,1
DA:57,7
DA:60,7
DA:63,6
DA:66,6
DA:69,1
DA:72,1
DA:75,3
DA:80,3
DA:81,1
DA:83,2
DA:84,2
DA:85,1
DA:87,1
DA:93,4
DA:94,4
DA:96,3
DA:98,2
DA:99,2
DA:103,12
DA:104,12
DA:105,1
DA:107,11
DA:108,1
DA:110,1
DA:112,10
DA:113,1
DA:115,1
DA:117,9
DA:118,1
DA:120,1
DA:122,8
DA:123,1
DA:125,1
DA:127,7
DA:128,1
DA:130,1
DA:132,6
DA:133,1
DA:135,1
DA:137,5
DA:138,1
DA:140,1
DA:142,4
DA:143,1
DA:145,1
DA:147,3
DA:148,1
DA:150,1
DA:152,2
DA:153,2
DA:154,2
DA:156,2
DA:159,1
DA:160,1
DA:164,3
DA:165,3
DA:167,2
DA:169,1
DA:170,1
DA:174,1
DA:177,1
DA:180,2
DA:181,2
DA:183,1
DA:185,1
DA:186,1
DA:190,2
DA:191,2
DA:192,2
DA:194,1
DA:196,1
DA:197,1
LF:100
LH:100
BRDA:6,0,0,5
BRDA:6,1,0,5
BRDA:37,2,0,1
BRDA:37,2,1,1
BRDA:37,3,0,2
BRDA:37,3,1,2
BRDA:80,4,0,1
BRDA:80,4,1,2
BRDA:84,5,0,1
BRDA:84,5,1,1
BRDA:104,6,0,1
BRDA:104,6,1,11
BRDA:107,7,0,1
BRDA:107,7,1,10
BRDA:112,8,0,1
BRDA:112,8,1,9
BRDA:117,9,0,1
BRDA:117,9,1,8
BRDA:122,10,0,1
BRDA:122,10,1,7
BRDA:127,11,0,1
BRDA:127,11,1,6
BRDA:132,12,0,1
BRDA:132,12,1,5
BRDA:137,13,0,1
BRDA:137,13,1,4
BRDA:142,14,0,1
BRDA:142,14,1,3
BRDA:147,15,0,1
BRDA:147,15,1,2
BRDA:152,16,0,2
BRDA:152,16,1,0
BRF:32
BRH:31
end_of_record
TN:
SF:src/routes/router.js
FNF:0
FNH:0
DA:1,13
DA:2,13
DA:3,13
DA:4,13
DA:5,13
DA:6,13
DA:7,13
DA:8,13
DA:9,13
DA:10,13
DA:11,13
DA:13,13
DA:14,13
DA:15,13
DA:16,13
DA:17,13
DA:18,13
DA:19,13
DA:20,13
DA:22,13
LF:20
LH:20
BRF:0
BRH:0
end_of_record
TN:
SF:src/routes/admin/adminRouter.js
FNF:0
FNH:0
DA:1,13
DA:2,13
DA:3,13
DA:4,13
DA:5,13
DA:6,13
DA:8,13
DA:9,13
DA:10,13
DA:12,13
LF:10
LH:10
BRF:0
BRH:0
end_of_record
TN:
SF:src/routes/admin/processAdmin.js
FN:11,(anonymous_0)
FN:29,(anonymous_1)
FN:46,addLanguageProcessFile
FN:68,(anonymous_3)
FN:94,(anonymous_4)
FN:111,(anonymous_5)
FN:128,(anonymous_6)
FN:155,modifyProcessFile
FN:177,(anonymous_8)
FN:212,(anonymous_9)
FNF:10
FNH:10
FNDA:9,(anonymous_0)
FNDA:3,(anonymous_1)
FNDA:4,addLanguageProcessFile
FNDA:17,(anonymous_3)
FNDA:6,(anonymous_4)
FNDA:1,(anonymous_5)
FNDA:9,(anonymous_6)
FNDA:4,modifyProcessFile
FNDA:8,(anonymous_8)
FNDA:9,(anonymous_9)
DA:1,13
DA:2,13
DA:3,13
DA:4,13
DA:5,13
DA:6,13
DA:7,13
DA:8,13
DA:9,13
DA:11,13
DA:12,9
DA:13,9
DA:15,9
DA:16,3
DA:17,6
DA:18,6
DA:19,1
DA:20,5
DA:21,5
DA:22,1
DA:23,4
DA:24,4
DA:25,4
DA:26,4
DA:27,4
DA:28,4
DA:29,3
DA:30,3
DA:31,1
DA:32,1
DA:34,2
DA:41,1
DA:42,1
DA:47,4
DA:49,4
DA:50,4
DA:51,3
DA:53,3
DA:54,1
DA:55,2
DA:61,2
DA:62,2
DA:64,2
DA:68,13
DA:69,17
DA:70,17
DA:72,17
DA:73,11
DA:74,6
DA:75,6
DA:76,1
DA:77,5
DA:78,4
DA:79,1
DA:80,3
DA:81,3
DA:82,1
DA:83,2
DA:84,1
DA:86,1
DA:87,1
DA:89,1
DA:90,1
DA:94,13
DA:95,6
DA:96,6
DA:98,6
DA:99,2
DA:100,4
DA:101,4
DA:102,1
DA:103,3
DA:104,2
DA:105,1
DA:107,1
DA:108,1
DA:109,1
DA:110,1
DA:111,1
DA:112,1
DA:113,0
DA:114,0
DA:116,1
DA:123,1
DA:124,1
DA:128,13
DA:129,9
DA:130,9
DA:132,9
DA:133,5
DA:134,4
DA:135,4
DA:136,1
DA:137,3
DA:138,2
DA:139,1
DA:140,1
DA:141,1
DA:142,1
DA:143,1
DA:144,1
DA:150,1
DA:151,1
DA:156,4
DA:158,4
DA:159,4
DA:160,3
DA:162,3
DA:163,1
DA:164,2
DA:165,2
DA:166,2
DA:167,2
DA:168,2
DA:169,2
DA:170,2
DA:171,2
DA:173,2
DA:177,13
DA:178,8
DA:179,8
DA:181,8
DA:182,3
DA:183,5
DA:184,5
DA:185,1
DA:186,4
DA:187,3
DA:188,2
DA:189,1
DA:190,1
DA:191,1
DA:192,1
DA:201,1
DA:207,1
DA:208,1
DA:212,13
DA:213,9
DA:214,9
DA:216,9
DA:217,3
DA:218,6
DA:219,6
DA:220,1
DA:221,5
DA:222,4
DA:223,1
DA:224,3
DA:225,3
DA:226,1
DA:227,2
DA:228,1
DA:229,1
DA:234,1
DA:235,1
DA:239,13
DA:240,13
DA:241,13
LF:158
LH:156
BRDA:15,0,0,3
BRDA:15,0,1,6
BRDA:15,1,0,9
BRDA:15,1,1,8
BRDA:15,1,2,7
BRDA:18,2,0,1
BRDA:18,2,1,5
BRDA:21,3,0,1
BRDA:21,3,1,4
BRDA:30,4,0,1
BRDA:30,4,1,2
BRDA:53,5,0,1
BRDA:53,5,1,2
BRDA:72,6,0,11
BRDA:72,6,1,6
BRDA:72,7,0,17
BRDA:72,7,1,15
BRDA:72,7,2,13
BRDA:72,7,3,11
BRDA:72,7,4,9
BRDA:72,7,5,7
BRDA:75,8,0,1
BRDA:75,8,1,5
BRDA:78,9,0,1
BRDA:78,9,1,3
BRDA:81,10,0,1
BRDA:81,10,1,2
BRDA:83,11,0,1
BRDA:83,11,1,1
BRDA:98,12,0,2
BRDA:98,12,1,4
BRDA:98,13,0,6
BRDA:98,13,1,5
BRDA:101,14,0,1
BRDA:101,14,1,3
BRDA:104,15,0,1
BRDA:104,15,1,1
BRDA:112,16,0,0
BRDA:112,16,1,1
BRDA:132,17,0,5
BRDA:132,17,1,4
BRDA:132,18,0,9
BRDA:132,18,1,7
BRDA:132,18,2,5
BRDA:135,19,0,1
BRDA:135,19,1,3
BRDA:138,20,0,1
BRDA:138,20,1,1
BRDA:140,21,0,1
BRDA:140,21,1,0
BRDA:142,22,0,1
BRDA:142,22,1,0
BRDA:142,23,0,1
BRDA:142,23,1,0
BRDA:142,23,2,0
BRDA:162,24,0,1
BRDA:162,24,1,2
BRDA:164,25,0,2
BRDA:164,25,1,0
BRDA:166,26,0,2
BRDA:166,26,1,0
BRDA:168,27,0,2
BRDA:168,27,1,0
BRDA:181,28,0,3
BRDA:181,28,1,5
BRDA:181,29,0,8
BRDA:181,29,1,6
BRDA:184,30,0,1
BRDA:184,30,1,4
BRDA:187,31,0,2
BRDA:187,31,1,1
BRDA:216,32,0,3
BRDA:216,32,1,6
BRDA:216,33,0,9
BRDA:216,33,1,7
BRDA:219,34,0,1
BRDA:219,34,1,5
BRDA:222,35,0,1
BRDA:222,35,1,3
BRDA:225,36,0,1
BRDA:225,36,1,2
BRDA:227,37,0,1
BRDA:227,37,1,1
BRF:83
BRH:75
end_of_record
TN:
SF:src/routes/admin/stepAdmin.js
FN:10,getUnderStepData
FN:25,getStepData
FN:52,(anonymous_2)
FN:82,(anonymous_3)
FN:114,(anonymous_4)
FN:138,(anonymous_5)
FN:140,(anonymous_6)
FN:161,(anonymous_7)
FN:187,(anonymous_8)
FN:200,(anonymous_9)
FN:219,(anonymous_10)
FN:243,(anonymous_11)
FN:247,(anonymous_12)
FNF:13
FNH:7
FNDA:4,getUnderStepData
FNDA:3,getStepData
FNDA:11,(anonymous_2)
FNDA:11,(anonymous_3)
FNDA:9,(anonymous_4)
FNDA:0,(anonymous_5)
FNDA:0,(anonymous_6)
FNDA:11,(anonymous_7)
FNDA:0,(anonymous_8)
FNDA:0,(anonymous_9)
FNDA:10,(anonymous_10)
FNDA:0,(anonymous_11)
FNDA:0,(anonymous_12)
DA:1,13
DA:2,13
DA:3,13
DA:4,13
DA:5,13
DA:6,13
DA:7,13
DA:8,13
DA:11,4
DA:12,4
DA:13,2
DA:22,4
DA:26,3
DA:27,3
DA:28,3
DA:29,3
DA:30,3
DA:31,2
DA:32,2
DA:49,3
DA:52,13
DA:53,11
DA:54,11
DA:56,11
DA:57,5
DA:58,6
DA:59,6
DA:60,1
DA:61,5
DA:62,4
DA:63,1
DA:64,3
DA:65,3
DA:66,1
DA:67,2
DA:68,2
DA:69,1
DA:70,1
DA:71,1
DA:77,1
DA:78,1
DA:82,13
DA:83,11
DA:85,11
DA:86,11
DA:87,5
DA:88,6
DA:89,6
DA:90,1
DA:91,5
DA:92,4
DA:93,1
DA:94,3
DA:95,3
DA:96,1
DA:97,2
DA:98,2
DA:99,1
DA:100,1
DA:101,1
DA:102,1
DA:103,1
DA:109,1
DA:110,1
DA:114,13
DA:115,9
DA:116,9
DA:118,9
DA:119,5
DA:120,4
DA:121,4
DA:122,1
DA:123,3
DA:124,1
DA:125,2
DA:126,1
DA:127,1
DA:128,0
DA:130,0
DA:131,0
DA:132,0
DA:133,0
DA:134,0
DA:135,0
DA:136,0
DA:137,0
DA:138,0
DA:139,0
DA:140,0
DA:141,0
DA:142,0
DA:145,0
DA:153,0
DA:156,1
DA:157,1
DA:161,13
DA:162,11
DA:163,11
DA:165,11
DA:166,7
DA:167,4
DA:168,4
DA:169,1
DA:170,3
DA:171,2
DA:172,1
DA:173,1
DA:174,1
DA:175,1
DA:176,0
DA:177,0
DA:178,0
DA:179,0
DA:180,0
DA:181,0
DA:183,0
DA:184,0
DA:185,0
DA:186,0
DA:187,0
DA:188,0
DA:189,0
DA:190,0
DA:191,0
DA:192,0
DA:193,0
DA:194,0
DA:195,0
DA:196,0
DA:197,0
DA:198,0
DA:199,0
DA:200,0
DA:201,0
DA:202,0
DA:205,0
DA:211,0
DA:214,1
DA:215,1
DA:219,13
DA:220,10
DA:221,10
DA:223,10
DA:224,5
DA:225,5
DA:226,5
DA:227,1
DA:228,4
DA:229,3
DA:230,1
DA:231,2
DA:232,2
DA:233,1
DA:234,1
DA:235,1
DA:236,1
DA:237,0
DA:239,0
DA:240,0
DA:241,0
DA:242,0
DA:243,0
DA:244,0
DA:245,0
DA:246,0
DA:247,0
DA:248,0
DA:249,0
DA:251,0
DA:252,0
DA:258,0
DA:261,1
DA:262,1
DA:266,13
DA:267,13
DA:268,13
LF:176
LH:117
BRDA:30,0,0,2
BRDA:30,0,1,1
BRDA:56,1,0,5
BRDA:56,1,1,6
BRDA:56,2,0,11
BRDA:56,2,1,9
BRDA:56,2,2,7
BRDA:59,3,0,1
BRDA:59,3,1,5
BRDA:62,4,0,1
BRDA:62,4,1,3
BRDA:65,5,0,1
BRDA:65,5,1,2
BRDA:68,6,0,1
BRDA:68,6,1,1
BRDA:86,7,0,5
BRDA:86,7,1,6
BRDA:86,8,0,11
BRDA:86,8,1,9
BRDA:86,8,2,7
BRDA:89,9,0,1
BRDA:89,9,1,5
BRDA:92,10,0,1
BRDA:92,10,1,3
BRDA:95,11,0,1
BRDA:95,11,1,2
BRDA:98,12,0,1
BRDA:98,12,1,1
BRDA:116,13,0,9
BRDA:118,14,0,5
BRDA:118,14,1,4
BRDA:118,15,0,9
BRDA:118,15,1,7
BRDA:118,15,2,5
BRDA:121,16,0,1
BRDA:121,16,1,3
BRDA:123,17,0,1
BRDA:123,17,1,2
BRDA:126,18,0,1
BRDA:126,18,1,0
BRDA:132,19,0,0
BRDA:132,19,1,0
BRDA:139,20,0,0
BRDA:139,20,1,0
BRDA:163,21,0,11
BRDA:163,22,0,11
BRDA:165,23,0,7
BRDA:165,23,1,4
BRDA:165,24,0,11
BRDA:165,24,1,9
BRDA:165,24,2,7
BRDA:165,24,3,5
BRDA:165,24,4,4
BRDA:168,25,0,1
BRDA:168,25,1,3
BRDA:171,26,0,1
BRDA:171,26,1,1
BRDA:174,27,0,1
BRDA:174,27,1,0
BRDA:176,28,0,0
BRDA:176,28,1,0
BRDA:179,29,0,0
BRDA:179,29,1,0
BRDA:185,30,0,0
BRDA:185,30,1,0
BRDA:188,31,0,0
BRDA:188,31,1,0
BRDA:190,32,0,0
BRDA:190,32,1,0
BRDA:192,33,0,0
BRDA:192,33,1,0
BRDA:194,34,0,0
BRDA:194,34,1,0
BRDA:196,35,0,0
BRDA:196,35,1,0
BRDA:201,36,0,0
BRDA:201,36,1,0
BRDA:223,37,0,5
BRDA:223,37,1,5
BRDA:223,38,0,10
BRDA:223,38,1,8
BRDA:223,38,2,6
BRDA:226,39,0,1
BRDA:226,39,1,4
BRDA:229,40,0,1
BRDA:229,40,1,2
BRDA:232,41,0,1
BRDA:232,41,1,1
BRDA:235,42,0,1
BRDA:235,42,1,0
BRDA:241,43,0,0
BRDA:241,43,1,0
BRDA:248,44,0,0
BRDA:248,44,1,0
BRF:94
BRH:65
end_of_record
TN:
SF:src/routes/admin/underStepAdmin.js
FN:10,(anonymous_0)
FN:29,(anonymous_1)
FN:44,(anonymous_2)
FN:71,(anonymous_3)
FN:78,(anonymous_4)
FN:97,(anonymous_5)
FN:121,(anonymous_6)
FN:133,(anonymous_7)
FN:152,(anonymous_8)
FN:176,(anonymous_9)
FN:180,(anonymous_10)
FNF:11
FNH:5
FNDA:15,(anonymous_0)
FNDA:1,(anonymous_1)
FNDA:15,(anonymous_2)
FNDA:0,(anonymous_3)
FNDA:0,(anonymous_4)
FNDA:18,(anonymous_5)
FNDA:0,(anonymous_6)
FNDA:0,(anonymous_7)
FNDA:14,(anonymous_8)
FNDA:0,(anonymous_9)
FNDA:0,(anonymous_10)
DA:1,13
DA:2,13
DA:3,13
DA:4,13
DA:5,13
DA:6,13
DA:7,13
DA:8,13
DA:10,13
DA:11,15
DA:13,15
DA:14,15
DA:15,9
DA:16,6
DA:17,6
DA:18,1
DA:19,5
DA:20,4
DA:21,1
DA:22,3
DA:23,3
DA:24,1
DA:25,2
DA:26,2
DA:27,1
DA:28,1
DA:29,1
DA:30,1
DA:31,0
DA:32,1
DA:39,1
DA:40,1
DA:44,13
DA:45,15
DA:46,15
DA:48,15
DA:49,9
DA:50,6
DA:51,6
DA:52,1
DA:53,5
DA:54,1
DA:55,4
DA:56,3
DA:57,1
DA:58,2
DA:59,2
DA:60,1
DA:61,1
DA:62,1
DA:63,1
DA:64,0
DA:66,0
DA:67,0
DA:68,0
DA:69,0
DA:70,0
DA:71,0
DA:72,0
DA:73,0
DA:74,0
DA:75,0
DA:77,0
DA:78,0
DA:79,0
DA:80,0
DA:81,0
DA:89,0
DA:92,1
DA:93,1
DA:97,13
DA:98,18
DA:100,18
DA:101,18
DA:102,13
DA:103,5
DA:104,5
DA:105,1
DA:106,4
DA:107,3
DA:108,1
DA:109,2
DA:110,2
DA:111,1
DA:112,1
DA:113,1
DA:114,1
DA:115,0
DA:117,0
DA:118,0
DA:119,0
DA:120,0
DA:121,0
DA:122,0
DA:123,0
DA:124,0
DA:125,0
DA:126,0
DA:127,0
DA:128,0
DA:129,0
DA:130,0
DA:131,0
DA:132,0
DA:133,0
DA:134,0
DA:135,0
DA:136,0
DA:145,0
DA:148,1
DA:152,13
DA:153,14
DA:154,14
DA:156,14
DA:157,9
DA:158,5
DA:159,5
DA:160,1
DA:161,4
DA:162,3
DA:163,1
DA:164,2
DA:165,2
DA:166,1
DA:167,1
DA:168,1
DA:169,1
DA:170,0
DA:172,0
DA:173,0
DA:174,0
DA:175,0
DA:176,0
DA:177,0
DA:178,0
DA:179,0
DA:180,0
DA:181,0
DA:182,0
DA:184,0
DA:191,0
DA:194,1
DA:195,1
DA:199,13
LF:144
LH:90
BRDA:14,0,0,9
BRDA:14,0,1,6
BRDA:14,1,0,15
BRDA:14,1,1,11
BRDA:14,1,2,9
BRDA:14,1,3,7
BRDA:17,2,0,1
BRDA:17,2,1,5
BRDA:20,3,0,1
BRDA:20,3,1,3
BRDA:23,4,0,1
BRDA:23,4,1,2
BRDA:26,5,0,1
BRDA:26,5,1,1
BRDA:48,6,0,9
BRDA:48,6,1,6
BRDA:48,7,0,15
BRDA:48,7,1,11
BRDA:48,7,2,9
BRDA:48,7,3,7
BRDA:51,8,0,1
BRDA:51,8,1,5
BRDA:53,9,0,1
BRDA:53,9,1,4
BRDA:56,10,0,1
BRDA:56,10,1,2
BRDA:59,11,0,1
BRDA:59,11,1,1
BRDA:62,12,0,1
BRDA:62,12,1,0
BRDA:69,13,0,0
BRDA:69,13,1,0
BRDA:79,14,0,0
BRDA:79,14,1,0
BRDA:101,15,0,13
BRDA:101,15,1,5
BRDA:101,16,0,18
BRDA:101,16,1,14
BRDA:101,16,2,12
BRDA:101,16,3,2
BRDA:101,16,4,10
BRDA:101,16,5,8
BRDA:101,16,6,6
BRDA:104,17,0,1
BRDA:104,17,1,4
BRDA:107,18,0,1
BRDA:107,18,1,2
BRDA:110,19,0,1
BRDA:110,19,1,1
BRDA:113,20,0,1
BRDA:113,20,1,0
BRDA:119,21,0,0
BRDA:119,21,1,0
BRDA:122,22,0,0
BRDA:122,22,1,0
BRDA:124,23,0,0
BRDA:124,23,1,0
BRDA:126,24,0,0
BRDA:126,24,1,0
BRDA:128,25,0,0
BRDA:128,25,1,0
BRDA:130,26,0,0
BRDA:130,26,1,0
BRDA:134,27,0,0
BRDA:134,27,1,0
BRDA:156,28,0,9
BRDA:156,28,1,5
BRDA:156,29,0,14
BRDA:156,29,1,10
BRDA:156,29,2,8
BRDA:156,29,3,6
BRDA:159,30,0,1
BRDA:159,30,1,4
BRDA:162,31,0,1
BRDA:162,31,1,2
BRDA:165,32,0,1
BRDA:165,32,1,1
BRDA:168,33,0,1
BRDA:168,33,1,0
BRDA:174,34,0,0
BRDA:174,34,1,0
BRDA:181,35,0,0
BRDA:181,35,1,0
BRF:83
BRH:58
end_of_record
TN:
SF:src/routes/calendar/calendar.js
FN:15,(anonymous_0)
FN:41,getMettingBis
FN:64,getMeeting
FN:88,(anonymous_3)
FN:111,(anonymous_4)
FN:144,(anonymous_5)
FNF:6
FNH:6
FNDA:30,(anonymous_0)
FNDA:3,getMettingBis
FNDA:9,getMeeting
FNDA:11,(anonymous_3)
FNDA:8,(anonymous_4)
FNDA:9,(anonymous_5)
DA:1,13
DA:2,13
DA:3,13
DA:4,13
DA:5,13
DA:6,13
DA:7,13
DA:8,13
DA:9,13
DA:10,13
DA:11,13
DA:13,13
DA:15,13
DA:16,30
DA:17,30
DA:18,30
DA:23,30
DA:24,6
DA:25,24
DA:26,20
DA:27,4
DA:28,3
DA:29,1
DA:30,2
DA:31,2
DA:32,1
DA:33,1
DA:34,1
DA:36,1
DA:37,1
DA:42,3
DA:43,3
DA:44,3
DA:45,3
DA:46,3
DA:47,1
DA:49,2
DA:50,2
DA:61,2
DA:65,9
DA:68,9
DA:69,9
DA:70,9
DA:71,1
DA:72,8
DA:73,8
DA:74,4
DA:75,4
DA:76,4
DA:77,4
DA:78,1
DA:79,3
DA:80,3
DA:81,1
DA:83,2
DA:85,2
DA:88,13
DA:89,11
DA:90,11
DA:92,11
DA:93,2
DA:94,9
DA:95,8
DA:96,1
DA:97,7
DA:98,7
DA:99,1
DA:100,6
DA:101,6
DA:103,5
DA:104,1
DA:106,1
DA:107,1
DA:111,13
DA:112,8
DA:113,8
DA:114,8
DA:116,8
DA:117,2
DA:118,6
DA:119,5
DA:120,1
DA:121,4
DA:122,4
DA:123,1
DA:124,3
DA:125,3
DA:127,2
DA:128,1
DA:129,1
DA:130,1
DA:131,1
DA:132,1
DA:133,1
DA:135,1
DA:137,1
DA:139,1
DA:140,1
DA:144,13
DA:145,9
DA:146,9
DA:148,9
DA:149,4
DA:150,5
DA:151,4
DA:152,1
DA:153,3
DA:154,3
DA:155,2
DA:156,1
DA:157,1
DA:159,1
DA:160,1
DA:164,13
LF:114
LH:114
BRDA:23,0,0,6
BRDA:23,0,1,24
BRDA:23,1,0,30
BRDA:23,1,1,28
BRDA:23,1,2,26
BRDA:25,2,0,20
BRDA:25,2,1,4
BRDA:28,3,0,1
BRDA:28,3,1,2
BRDA:31,4,0,1
BRDA:31,4,1,1
BRDA:46,5,0,1
BRDA:46,5,1,2
BRDA:49,6,0,2
BRDA:49,6,1,2
BRDA:70,7,0,1
BRDA:70,7,1,8
BRDA:73,8,0,4
BRDA:73,8,1,4
BRDA:77,9,0,1
BRDA:77,9,1,3
BRDA:80,10,0,1
BRDA:80,10,1,2
BRDA:92,11,0,2
BRDA:92,11,1,9
BRDA:95,12,0,1
BRDA:95,12,1,7
BRDA:98,13,0,1
BRDA:98,13,1,6
BRDA:101,14,0,5
BRDA:101,14,1,1
BRDA:101,15,0,6
BRDA:101,15,1,5
BRDA:101,15,2,4
BRDA:101,15,3,3
BRDA:116,16,0,2
BRDA:116,16,1,6
BRDA:116,17,0,8
BRDA:116,17,1,6
BRDA:119,18,0,1
BRDA:119,18,1,4
BRDA:122,19,0,1
BRDA:122,19,1,3
BRDA:125,20,0,2
BRDA:125,20,1,1
BRDA:125,21,0,3
BRDA:125,21,1,3
BRDA:125,21,2,3
BRDA:125,21,3,3
BRDA:133,22,0,1
BRDA:133,22,1,0
BRDA:133,23,0,1
BRDA:133,23,1,1
BRDA:133,23,2,1
BRDA:133,23,3,1
BRDA:133,23,4,1
BRDA:133,23,5,1
BRDA:148,24,0,4
BRDA:148,24,1,5
BRDA:148,25,0,9
BRDA:148,25,1,6
BRDA:151,26,0,1
BRDA:151,26,1,3
BRDA:154,27,0,2
BRDA:154,27,1,1
BRF:65
BRH:64
end_of_record
TN:
SF:src/routes/process/process.js
FN:10,(anonymous_0)
FN:30,(anonymous_1)
FN:53,(anonymous_2)
FNF:3
FNH:3
FNDA:5,(anonymous_0)
FNDA:6,(anonymous_1)
FNDA:6,(anonymous_2)
DA:1,13
DA:2,13
DA:3,13
DA:4,13
DA:5,13
DA:6,13
DA:7,13
DA:8,13
DA:10,13
DA:11,5
DA:12,5
DA:14,5
DA:15,2
DA:16,3
DA:17,2
DA:18,1
DA:19,1
DA:20,1
DA:25,1
DA:26,1
DA:30,13
DA:31,6
DA:32,6
DA:34,6
DA:35,2
DA:36,4
DA:37,4
DA:38,2
DA:40,2
DA:41,1
DA:42,1
DA:43,1
DA:48,1
DA:49,1
DA:53,13
DA:54,6
DA:55,6
DA:57,6
DA:58,2
DA:59,4
DA:60,3
DA:61,3
DA:62,3
DA:63,3
DA:64,2
DA:65,1
DA:66,1
DA:73,1
DA:77,1
DA:81,13
LF:50
LH:50
BRDA:14,0,0,2
BRDA:14,0,1,3
BRDA:17,1,0,1
BRDA:17,1,1,1
BRDA:34,2,0,2
BRDA:34,2,1,4
BRDA:37,3,0,2
BRDA:37,3,1,2
BRDA:57,4,0,2
BRDA:57,4,1,4
BRDA:63,5,0,2
BRDA:63,5,1,1
BRF:12
BRH:12
end_of_record
TN:
SF:src/routes/process/questions.js
FN:7,(anonymous_0)
FN:8,(anonymous_1)
FN:15,(anonymous_2)
FN:24,(anonymous_3)
FNF:4
FNH:4
FNDA:3,(anonymous_0)
FNDA:5,(anonymous_1)
FNDA:2,(anonymous_2)
FNDA:8,(anonymous_3)
DA:1,13
DA:2,13
DA:3,13
DA:4,13
DA:5,13
DA:7,13
DA:8,3
DA:9,5
DA:14,5
DA:15,2
DA:20,5
DA:24,13
DA:25,8
DA:26,8
DA:28,8
DA:29,4
DA:30,4
DA:31,3
DA:32,1
DA:33,2
DA:34,2
DA:35,2
DA:36,0
DA:37,0
DA:38,0
DA:39,0
DA:40,0
DA:42,1
DA:43,1
DA:47,13
DA:48,13
LF:31
LH:26
BRDA:14,0,0,1
BRDA:14,0,1,4
BRDA:14,1,0,5
BRDA:14,1,1,4
BRDA:28,2,0,4
BRDA:28,2,1,4
BRDA:28,3,0,8
BRDA:28,3,1,5
BRDA:31,4,0,1
BRDA:31,4,1,2
BRDA:34,5,0,2
BRDA:34,5,1,0
BRDA:37,6,0,0
BRDA:37,6,1,0
BRDA:37,7,0,0
BRDA:37,7,1,0
BRF:16
BRH:11
end_of_record
TN:
SF:src/routes/process/step.js
FN:7,(anonymous_0)
FN:32,(anonymous_1)
FNF:2
FNH:2
FNDA:7,(anonymous_0)
FNDA:5,(anonymous_1)
DA:1,13
DA:2,13
DA:3,13
DA:4,13
DA:5,13
DA:7,13
DA:8,7
DA:9,7
DA:11,7
DA:12,2
DA:13,5
DA:14,5
DA:15,1
DA:16,4
DA:17,4
DA:18,2
DA:19,2
DA:20,2
DA:21,1
DA:22,1
DA:23,1
DA:28,0
DA:32,13
DA:33,5
DA:34,5
DA:36,5
DA:37,2
DA:38,3
DA:39,3
DA:40,1
DA:41,2
DA:42,1
DA:47,1
DA:51,13
LF:34
LH:33
BRDA:11,0,0,2
BRDA:11,0,1,5
BRDA:14,1,0,1
BRDA:14,1,1,4
BRDA:17,2,0,2
BRDA:17,2,1,2
BRDA:20,3,0,1
BRDA:20,3,1,1
BRDA:36,4,0,2
BRDA:36,4,1,3
BRDA:39,5,0,1
BRDA:39,5,1,2
BRF:12
BRH:12
end_of_record
TN:
SF:src/routes/processProposal/processProposal.js
FN:7,(anonymous_0)
FN:26,(anonymous_1)
FN:36,(anonymous_2)
FNF:3
FNH:3
FNDA:13,(anonymous_0)
FNDA:2,(anonymous_1)
FNDA:5,(anonymous_2)
DA:1,13
DA:2,13
DA:3,13
DA:4,13
DA:5,13
DA:7,13
DA:8,13
DA:9,13
DA:11,13
DA:12,8
DA:13,5
DA:14,4
DA:15,1
DA:16,3
DA:17,2
DA:18,1
DA:20,1
DA:22,2
DA:23,2
DA:26,13
DA:27,2
DA:28,2
DA:30,1
DA:32,1
DA:33,1
DA:36,13
DA:37,5
DA:38,5
DA:40,5
DA:41,2
DA:42,3
DA:43,3
DA:44,1
DA:45,2
DA:46,1
DA:48,1
DA:49,1
DA:53,13
LF:38
LH:38
BRDA:11,0,0,8
BRDA:11,0,1,5
BRDA:11,1,0,13
BRDA:11,1,1,11
BRDA:11,1,2,9
BRDA:11,1,3,7
BRDA:14,2,0,1
BRDA:14,2,1,3
BRDA:17,3,0,1
BRDA:17,3,1,1
BRDA:40,4,0,2
BRDA:40,4,1,3
BRDA:43,5,0,1
BRDA:43,5,1,2
BRF:14
BRH:14
end_of_record
TN:
SF:src/routes/userProcess/userProcess.js
FN:11,(anonymous_0)
FN:56,(anonymous_1)
FN:103,(anonymous_2)
FN:129,(anonymous_3)
FN:176,(anonymous_4)
FN:223,(anonymous_5)
FNF:6
FNH:6
FNDA:14,(anonymous_0)
FNDA:14,(anonymous_1)
FNDA:9,(anonymous_2)
FNDA:11,(anonymous_3)
FNDA:9,(anonymous_4)
FNDA:8,(anonymous_5)
DA:1,13
DA:2,13
DA:3,13
DA:4,13
DA:5,13
DA:6,13
DA:7,13
DA:8,13
DA:9,13
DA:11,13
DA:12,14
DA:13,14
DA:15,14
DA:16,6
DA:17,8
DA:18,8
DA:19,1
DA:20,7
DA:21,2
DA:22,5
DA:23,5
DA:24,1
DA:25,4
DA:26,4
DA:27,4
DA:28,1
DA:29,3
DA:30,3
DA:31,2
DA:32,2
DA:33,2
DA:34,2
DA:35,2
DA:36,1
DA:37,1
DA:38,1
DA:41,3
DA:42,3
DA:43,1
DA:45,2
DA:46,3
DA:51,0
DA:52,0
DA:56,13
DA:57,14
DA:58,14
DA:60,14
DA:61,6
DA:62,8
DA:63,8
DA:64,1
DA:65,7
DA:66,7
DA:67,1
DA:68,6
DA:69,6
DA:70,1
DA:71,5
DA:72,5
DA:73,5
DA:74,1
DA:75,4
DA:76,2
DA:77,2
DA:79,4
DA:80,4
DA:81,4
DA:82,1
DA:83,3
DA:84,1
DA:86,2
DA:88,3
DA:89,3
DA:90,3
DA:91,1
DA:92,3
DA:93,3
DA:98,1
DA:99,1
DA:103,13
DA:104,9
DA:105,9
DA:107,9
DA:108,4
DA:109,5
DA:110,5
DA:111,1
DA:112,4
DA:113,4
DA:114,2
DA:115,2
DA:116,2
DA:117,2
DA:118,2
DA:119,1
DA:124,1
DA:125,1
DA:129,13
DA:130,11
DA:131,11
DA:133,11
DA:134,4
DA:135,7
DA:136,7
DA:137,1
DA:138,6
DA:139,5
DA:140,1
DA:141,4
DA:142,4
DA:143,2
DA:144,2
DA:145,2
DA:146,1
DA:147,1
DA:148,1
DA:149,1
DA:150,1
DA:151,3
DA:152,3
DA:153,3
DA:163,1
DA:164,1
DA:172,1
DA:173,1
DA:176,13
DA:177,9
DA:178,9
DA:180,9
DA:181,2
DA:182,7
DA:183,6
DA:184,1
DA:185,5
DA:186,5
DA:187,0
DA:188,5
DA:189,5
DA:190,1
DA:191,4
DA:192,4
DA:193,3
DA:194,1
DA:195,1
DA:196,1
DA:197,1
DA:198,3
DA:199,3
DA:200,3
DA:210,1
DA:211,1
DA:219,1
DA:220,1
DA:223,13
DA:224,8
DA:225,8
DA:227,8
DA:228,2
DA:229,6
DA:230,5
DA:231,1
DA:232,4
DA:233,4
DA:234,4
DA:235,4
DA:236,4
DA:237,1
DA:238,3
DA:239,3
DA:240,2
DA:241,1
DA:242,1
DA:243,1
DA:256,1
DA:261,1
DA:265,13
LF:176
LH:173
BRDA:15,0,0,6
BRDA:15,0,1,8
BRDA:15,1,0,14
BRDA:15,1,1,12
BRDA:15,1,2,10
BRDA:18,2,0,1
BRDA:18,2,1,7
BRDA:20,3,0,2
BRDA:20,3,1,5
BRDA:23,4,0,1
BRDA:23,4,1,4
BRDA:27,5,0,1
BRDA:27,5,1,3
BRDA:30,6,0,2
BRDA:30,6,1,1
BRDA:30,7,0,3
BRDA:30,7,1,2
BRDA:35,8,0,1
BRDA:35,8,1,1
BRDA:35,9,0,2
BRDA:35,9,1,1
BRDA:37,10,0,1
BRDA:37,10,1,0
BRDA:37,11,0,1
BRDA:37,11,1,1
BRDA:42,12,0,1
BRDA:42,12,1,2
BRDA:60,13,0,6
BRDA:60,13,1,8
BRDA:60,14,0,14
BRDA:60,14,1,12
BRDA:60,14,2,10
BRDA:63,15,0,1
BRDA:63,15,1,7
BRDA:66,16,0,1
BRDA:66,16,1,6
BRDA:69,17,0,1
BRDA:69,17,1,5
BRDA:73,18,0,1
BRDA:73,18,1,4
BRDA:75,19,0,2
BRDA:75,19,1,2
BRDA:75,20,0,4
BRDA:75,20,1,2
BRDA:81,21,0,1
BRDA:81,21,1,3
BRDA:81,22,0,4
BRDA:81,22,1,2
BRDA:81,22,2,2
BRDA:81,22,3,1
BRDA:83,23,0,1
BRDA:83,23,1,2
BRDA:83,24,0,3
BRDA:83,24,1,1
BRDA:90,25,0,1
BRDA:90,25,1,2
BRDA:107,26,0,4
BRDA:107,26,1,5
BRDA:107,27,0,9
BRDA:107,27,1,7
BRDA:110,28,0,1
BRDA:110,28,1,4
BRDA:113,29,0,2
BRDA:113,29,1,2
BRDA:133,30,0,4
BRDA:133,30,1,7
BRDA:133,31,0,11
BRDA:133,31,1,9
BRDA:136,32,0,1
BRDA:136,32,1,6
BRDA:139,33,0,1
BRDA:139,33,1,4
BRDA:142,34,0,2
BRDA:142,34,1,2
BRDA:145,35,0,1
BRDA:145,35,1,1
BRDA:180,36,0,2
BRDA:180,36,1,7
BRDA:183,37,0,1
BRDA:183,37,1,5
BRDA:186,38,0,0
BRDA:186,38,1,5
BRDA:189,39,0,1
BRDA:189,39,1,4
BRDA:192,40,0,3
BRDA:192,40,1,1
BRDA:227,41,0,2
BRDA:227,41,1,6
BRDA:230,42,0,1
BRDA:230,42,1,4
BRDA:236,43,0,1
BRDA:236,43,1,3
BRDA:239,44,0,2
BRDA:239,44,1,1
BRF:94
BRH:92
end_of_record
TN:
SF:src/routes/users/contact.js
FN:7,(anonymous_0)
FNF:1
FNH:1
FNDA:8,(anonymous_0)
DA:1,13
DA:2,13
DA:3,13
DA:4,13
DA:5,13
DA:7,13
DA:8,8
DA:9,8
DA:11,8
DA:12,6
DA:13,2
DA:31,2
DA:32,0
DA:35,2
DA:36,2
DA:40,13
LF:16
LH:15
BRDA:11,0,0,6
BRDA:11,0,1,2
BRDA:11,1,0,8
BRDA:11,1,1,6
BRDA:11,1,2,4
BRF:5
BRH:5
end_of_record
TN:
SF:src/routes/users/userRouter.js
FNF:0
FNH:0
DA:1,13
DA:2,13
DA:3,13
DA:4,13
DA:5,13
DA:6,13
DA:8,13
DA:9,13
DA:10,13
DA:12,13
LF:10
LH:10
BRF:0
BRH:0
end_of_record
TN:
SF:src/routes/users/db/user.js
FN:12,(anonymous_0)
FN:41,(anonymous_1)
FN:50,(anonymous_2)
FN:73,(anonymous_3)
FN:90,(anonymous_4)
FN:107,(anonymous_5)
FN:124,(anonymous_6)
FN:142,(anonymous_7)
FN:161,(anonymous_8)
FN:207,(anonymous_9)
FN:227,(anonymous_10)
FN:264,(anonymous_11)
FN:283,(anonymous_12)
FN:320,(anonymous_13)
FN:337,(anonymous_14)
FN:355,(anonymous_15)
FN:373,(anonymous_16)
FN:389,(anonymous_17)
FN:407,(anonymous_18)
FN:421,(anonymous_19)
FN:439,(anonymous_20)
FN:489,(anonymous_21)
FNF:22
FNH:22
FNDA:10,(anonymous_0)
FNDA:8,(anonymous_1)
FNDA:3,(anonymous_2)
FNDA:6,(anonymous_3)
FNDA:5,(anonymous_4)
FNDA:5,(anonymous_5)
FNDA:9,(anonymous_6)
FNDA:5,(anonymous_7)
FNDA:7,(anonymous_8)
FNDA:5,(anonymous_9)
FNDA:6,(anonymous_10)
FNDA:6,(anonymous_11)
FNDA:5,(anonymous_12)
FNDA:8,(anonymous_13)
FNDA:9,(anonymous_14)
FNDA:1,(anonymous_15)
FNDA:5,(anonymous_16)
FNDA:6,(anonymous_17)
FNDA:4,(anonymous_18)
FNDA:8,(anonymous_19)
FNDA:10,(anonymous_20)
FNDA:15,(anonymous_21)
DA:1,13
DA:2,13
DA:3,13
DA:4,13
DA:5,13
DA:6,13
DA:7,13
DA:8,13
DA:9,13
DA:10,13
DA:12,13
DA:13,10
DA:14,10
DA:16,10
DA:17,6
DA:21,4
DA:22,3
DA:23,3
DA:24,1
DA:25,2
DA:26,1
DA:27,1
DA:28,1
DA:29,1
DA:30,1
DA:31,1
DA:37,1
DA:41,13
DA:42,8
DA:43,8
DA:45,8
DA:46,4
DA:50,4
DA:51,3
DA:52,1
DA:53,2
DA:54,1
DA:56,1
DA:57,1
DA:58,1
DA:66,1
DA:69,1
DA:73,13
DA:74,6
DA:75,6
DA:77,6
DA:78,2
DA:79,4
DA:80,3
DA:81,1
DA:83,2
DA:85,1
DA:86,1
DA:90,13
DA:91,5
DA:92,5
DA:94,5
DA:95,2
DA:96,3
DA:97,2
DA:98,1
DA:100,1
DA:102,1
DA:103,1
DA:107,13
DA:108,5
DA:109,5
DA:111,5
DA:112,2
DA:113,3
DA:114,2
DA:115,1
DA:117,1
DA:119,1
DA:120,1
DA:124,13
DA:125,9
DA:126,9
DA:128,9
DA:129,4
DA:130,5
DA:131,4
DA:132,2
DA:133,2
DA:135,2
DA:137,1
DA:138,1
DA:142,13
DA:143,5
DA:144,5
DA:146,5
DA:147,2
DA:148,3
DA:149,2
DA:150,1
DA:151,1
DA:152,1
DA:154,1
DA:156,1
DA:157,1
DA:161,13
DA:162,7
DA:175,7
DA:177,7
DA:178,2
DA:179,5
DA:180,4
DA:181,3
DA:193,3
DA:194,1
DA:195,2
DA:196,1
DA:197,1
DA:198,10
DA:199,1
DA:201,1
DA:203,1
DA:207,13
DA:208,5
DA:209,5
DA:211,5
DA:212,2
DA:213,3
DA:214,2
DA:215,1
DA:216,1
DA:217,1
DA:218,1
DA:219,1
DA:221,1
DA:223,1
DA:227,13
DA:228,6
DA:229,6
DA:231,6
DA:232,2
DA:233,4
DA:234,3
DA:235,2
DA:236,1
DA:237,1
DA:255,1
DA:256,0
DA:258,1
DA:260,2
DA:264,13
DA:265,6
DA:266,6
DA:268,6
DA:269,2
DA:270,4
DA:271,3
DA:272,2
DA:273,1
DA:274,1
DA:275,1
DA:277,1
DA:279,1
DA:283,13
DA:284,5
DA:285,5
DA:287,5
DA:288,2
DA:289,3
DA:290,2
DA:291,2
DA:292,2
DA:293,1
DA:311,1
DA:312,0
DA:314,1
DA:316,2
DA:320,13
DA:321,8
DA:322,8
DA:324,8
DA:325,5
DA:326,3
DA:327,2
DA:328,1
DA:329,1
DA:331,1
DA:333,1
DA:337,13
DA:338,9
DA:339,9
DA:341,9
DA:342,6
DA:343,3
DA:345,2
DA:346,1
DA:347,1
DA:348,1
DA:349,1
DA:355,1
DA:356,1
DA:357,1
DA:358,1
DA:359,1
DA:367,1
DA:368,1
DA:373,13
DA:374,5
DA:375,5
DA:376,5
DA:377,2
DA:378,3
DA:379,2
DA:380,1
DA:381,1
DA:382,1
DA:384,1
DA:385,1
DA:389,13
DA:390,6
DA:391,6
DA:392,6
DA:393,2
DA:394,4
DA:395,3
DA:396,1
DA:397,2
DA:398,2
DA:399,1
DA:400,1
DA:402,1
DA:403,1
DA:407,13
DA:408,4
DA:409,4
DA:410,4
DA:411,2
DA:412,2
DA:413,1
DA:416,1
DA:417,1
DA:421,13
DA:422,8
DA:423,8
DA:424,8
DA:425,4
DA:426,4
DA:427,3
DA:428,1
DA:429,2
DA:430,1
DA:431,1
DA:432,1
DA:434,1
DA:435,1
DA:439,13
DA:440,10
DA:454,10
DA:455,10
DA:456,4
DA:457,6
DA:458,5
DA:459,1
DA:460,4
DA:461,4
DA:462,3
DA:474,3
DA:475,1
DA:476,2
DA:477,1
DA:478,1
DA:479,10
DA:480,1
DA:482,1
DA:484,1
DA:485,1
DA:489,13
DA:490,15
DA:491,15
DA:493,15
DA:494,8
DA:495,7
DA:496,6
DA:497,2
DA:498,4
DA:499,4
DA:500,2
DA:501,2
DA:502,2
DA:504,2
DA:506,1
DA:507,1
DA:511,13
LF:288
LH:286
BRDA:16,0,0,6
BRDA:16,0,1,4
BRDA:16,1,0,10
BRDA:16,1,1,8
BRDA:16,1,2,6
BRDA:23,2,0,1
BRDA:23,2,1,2
BRDA:25,3,0,1
BRDA:25,3,1,1
BRDA:45,4,0,4
BRDA:45,4,1,4
BRDA:45,5,0,8
BRDA:45,5,1,6
BRDA:51,6,0,1
BRDA:51,6,1,2
BRDA:53,7,0,1
BRDA:53,7,1,1
BRDA:77,8,0,2
BRDA:77,8,1,4
BRDA:80,9,0,1
BRDA:80,9,1,2
BRDA:94,10,0,2
BRDA:94,10,1,3
BRDA:97,11,0,1
BRDA:97,11,1,1
BRDA:111,12,0,2
BRDA:111,12,1,3
BRDA:114,13,0,1
BRDA:114,13,1,1
BRDA:128,14,0,4
BRDA:128,14,1,5
BRDA:131,15,0,2
BRDA:131,15,1,2
BRDA:146,16,0,2
BRDA:146,16,1,3
BRDA:149,17,0,1
BRDA:149,17,1,1
BRDA:177,18,0,2
BRDA:177,18,1,5
BRDA:180,19,0,3
BRDA:180,19,1,1
BRDA:193,20,0,1
BRDA:193,20,1,2
BRDA:193,21,0,3
BRDA:193,21,1,1
BRDA:195,22,0,1
BRDA:195,22,1,1
BRDA:195,23,0,2
BRDA:195,23,1,1
BRDA:211,24,0,2
BRDA:211,24,1,3
BRDA:214,25,0,1
BRDA:214,25,1,1
BRDA:231,26,0,2
BRDA:231,26,1,4
BRDA:234,27,0,2
BRDA:234,27,1,1
BRDA:235,28,0,1
BRDA:235,28,1,1
BRDA:268,29,0,2
BRDA:268,29,1,4
BRDA:271,30,0,2
BRDA:271,30,1,1
BRDA:272,31,0,1
BRDA:272,31,1,1
BRDA:287,32,0,2
BRDA:287,32,1,3
BRDA:292,33,0,1
BRDA:292,33,1,1
BRDA:324,34,0,5
BRDA:324,34,1,3
BRDA:324,35,0,8
BRDA:324,35,1,5
BRDA:327,36,0,1
BRDA:327,36,1,1
BRDA:341,37,0,6
BRDA:341,37,1,3
BRDA:341,38,0,9
BRDA:341,38,1,9
BRDA:341,38,2,7
BRDA:341,38,3,5
BRDA:345,39,0,1
BRDA:345,39,1,1
BRDA:376,40,0,2
BRDA:376,40,1,3
BRDA:379,41,0,1
BRDA:379,41,1,1
BRDA:392,42,0,2
BRDA:392,42,1,4
BRDA:392,43,0,6
BRDA:392,43,1,4
BRDA:395,44,0,1
BRDA:395,44,1,2
BRDA:398,45,0,1
BRDA:398,45,1,1
BRDA:410,46,0,2
BRDA:410,46,1,2
BRDA:424,47,0,4
BRDA:424,47,1,4
BRDA:424,48,0,8
BRDA:424,48,1,6
BRDA:427,49,0,1
BRDA:427,49,1,2
BRDA:429,50,0,1
BRDA:429,50,1,1
BRDA:455,51,0,4
BRDA:455,51,1,6
BRDA:455,52,0,10
BRDA:455,52,1,8
BRDA:458,53,0,1
BRDA:458,53,1,4
BRDA:461,54,0,3
BRDA:461,54,1,1
BRDA:474,55,0,1
BRDA:474,55,1,2
BRDA:474,56,0,3
BRDA:474,56,1,1
BRDA:476,57,0,1
BRDA:476,57,1,1
BRDA:476,58,0,2
BRDA:476,58,1,1
BRDA:493,59,0,8
BRDA:493,59,1,7
BRDA:493,60,0,15
BRDA:493,60,1,11
BRDA:496,61,0,2
BRDA:496,61,1,4
BRDA:499,62,0,2
BRDA:499,62,1,2
BRF:129
BRH:129
end_of_record
TN:
SF:src/routes/users/externalApi/facebook.js
FN:9,get_code
FN:23,(anonymous_1)
FN:27,getAccessToken
FN:44,(anonymous_3)
FN:74,(anonymous_4)
FNF:5
FNH:3
FNDA:2,get_code
FNDA:2,(anonymous_1)
FNDA:0,getAccessToken
FNDA:3,(anonymous_3)
FNDA:0,(anonymous_4)
DA:1,13
DA:2,13
DA:3,13
DA:4,13
DA:5,13
DA:6,13
DA:7,13
DA:10,2
DA:12,2
DA:23,13
DA:24,2
DA:28,0
DA:29,0
DA:41,0
DA:44,13
DA:45,3
DA:46,3
DA:48,3
DA:49,3
DA:53,0
DA:54,0
DA:62,0
DA:64,0
DA:65,0
DA:66,0
DA:67,0
DA:68,0
DA:74,0
DA:75,0
DA:76,0
DA:77,0
DA:78,0
DA:86,0
DA:87,0
DA:93,13
LF:35
LH:17
BRDA:48,0,0,3
BRDA:48,0,1,0
BRDA:64,1,0,0
BRDA:64,1,1,0
BRF:4
BRH:1
end_of_record
TN:
SF:src/routes/users/externalApi/google.js
FN:9,getGoogleAuthURL
FN:27,(anonymous_1)
FN:31,getLoginTokens
FN:50,(anonymous_3)
FN:80,(anonymous_4)
FNF:5
FNH:4
FNDA:2,getGoogleAuthURL
FNDA:2,(anonymous_1)
FNDA:1,getLoginTokens
FNDA:2,(anonymous_3)
FNDA:0,(anonymous_4)
DA:1,13
DA:2,13
DA:3,13
DA:4,13
DA:5,13
DA:6,13
DA:7,13
DA:10,2
DA:11,2
DA:27,13
DA:28,2
DA:32,1
DA:33,1
DA:40,1
DA:47,0
DA:50,13
DA:51,2
DA:52,2
DA:54,2
DA:55,1
DA:59,1
DA:60,0
DA:68,0
DA:70,0
DA:71,0
DA:72,0
DA:73,0
DA:74,0
DA:80,0
DA:81,0
DA:82,0
DA:83,0
DA:84,0
DA:92,1
DA:93,1
DA:99,13
LF:36
LH:23
BRDA:54,0,0,1
BRDA:54,0,1,1
BRDA:70,1,0,0
BRDA:70,1,1,0
BRF:4
BRH:2
end_of_record
TN:
SF:src/routes/users/externalApi/oauth.js
FNF:0
FNH:0
DA:1,13
DA:2,13
DA:3,13
DA:4,13
DA:6,13
DA:7,13
DA:9,13
LF:7
LH:7
BRF:0
BRH:0
end_of_record
